2024-06-13 21:20:46,796 - INFO - Leyendo datos del archivo JSON...
2024-06-13 21:20:46,838 - INFO - Modelos a procesar en esta ejecución: ['panel_MageSolar190_5MR', 'panel_MageSolarPowertecPlus190_5MH', 'panel_MageSolarPowertecPlus190_5MI', 'panel_MageSolarPowertecPlus195_5MH', 'panel_MageSolarPowertecPlus200_5MH']
2024-06-13 21:20:46,870 - INFO - Procesando panel: panel_MageSolar190_5MR
2024-06-13 21:20:46,870 - DEBUG - Simulando con irradiancia 100 y temperatura 10
2024-06-13 21:20:46,870 - INFO - Procesando panel: panel_MageSolarPowertecPlus190_5MH
2024-06-13 21:20:46,880 - INFO - Procesando panel: panel_MageSolarPowertecPlus190_5MI
2024-06-13 21:20:46,912 - DEBUG - Simulando con irradiancia 100 y temperatura 10
2024-06-13 21:20:46,944 - INFO - Procesando panel: panel_MageSolarPowertecPlus195_5MH
2024-06-13 21:20:46,992 - INFO - Procesando panel: panel_MageSolarPowertecPlus200_5MH
2024-06-13 21:20:46,992 - DEBUG - Simulando con irradiancia 100 y temperatura 10
2024-06-13 21:20:47,182 - DEBUG - Simulando con irradiancia 100 y temperatura 10
2024-06-13 21:20:47,264 - DEBUG - Simulando con irradiancia 100 y temperatura 10
2024-06-13 21:20:47,593 - DEBUG - Simulando con irradiancia 100 y temperatura 15
2024-06-13 21:20:48,040 - DEBUG - Simulando con irradiancia 100 y temperatura 15
2024-06-13 21:20:48,178 - DEBUG - Simulando con irradiancia 100 y temperatura 15
2024-06-13 21:20:48,320 - DEBUG - Simulando con irradiancia 100 y temperatura 15
2024-06-13 21:20:48,384 - DEBUG - Simulando con irradiancia 100 y temperatura 15
2024-06-13 21:20:49,472 - DEBUG - Simulando con irradiancia 100 y temperatura 20
2024-06-13 21:20:49,590 - DEBUG - Simulando con irradiancia 100 y temperatura 20
2024-06-13 21:20:49,709 - DEBUG - Simulando con irradiancia 100 y temperatura 20
2024-06-13 21:20:49,709 - DEBUG - Simulando con irradiancia 100 y temperatura 20
2024-06-13 21:20:50,443 - DEBUG - Simulando con irradiancia 100 y temperatura 20
2024-06-13 21:20:50,533 - DEBUG - Simulando con irradiancia 100 y temperatura 25
2024-06-13 21:20:50,761 - DEBUG - Simulando con irradiancia 100 y temperatura 25
2024-06-13 21:20:51,603 - DEBUG - Simulando con irradiancia 100 y temperatura 25
2024-06-13 21:20:51,603 - DEBUG - Simulando con irradiancia 100 y temperatura 30
2024-06-13 21:20:51,685 - DEBUG - Simulando con irradiancia 100 y temperatura 25
2024-06-13 21:20:52,101 - DEBUG - Simulando con irradiancia 100 y temperatura 25
2024-06-13 21:20:52,192 - DEBUG - Simulando con irradiancia 100 y temperatura 30
2024-06-13 21:20:52,757 - DEBUG - Simulando con irradiancia 100 y temperatura 35
2024-06-13 21:20:52,819 - DEBUG - Simulando con irradiancia 100 y temperatura 30
2024-06-13 21:20:52,859 - DEBUG - Simulando con irradiancia 100 y temperatura 30
2024-06-13 21:20:53,483 - DEBUG - Simulando con irradiancia 100 y temperatura 30
2024-06-13 21:20:54,094 - DEBUG - Simulando con irradiancia 100 y temperatura 35
2024-06-13 21:20:54,608 - DEBUG - Simulando con irradiancia 100 y temperatura 35
2024-06-13 21:20:54,608 - DEBUG - Simulando con irradiancia 100 y temperatura 40
2024-06-13 21:20:54,910 - DEBUG - Simulando con irradiancia 100 y temperatura 35
2024-06-13 21:20:55,313 - DEBUG - Simulando con irradiancia 100 y temperatura 35
2024-06-13 21:20:55,599 - DEBUG - Simulando con irradiancia 100 y temperatura 40
2024-06-13 21:20:56,227 - DEBUG - Simulando con irradiancia 100 y temperatura 40
2024-06-13 21:20:56,472 - DEBUG - Simulando con irradiancia 100 y temperatura 40
2024-06-13 21:20:56,552 - DEBUG - Simulando con irradiancia 100 y temperatura 45
2024-06-13 21:20:57,266 - DEBUG - Simulando con irradiancia 100 y temperatura 40
2024-06-13 21:20:57,314 - DEBUG - Simulando con irradiancia 100 y temperatura 45
2024-06-13 21:20:57,536 - DEBUG - Simulando con irradiancia 100 y temperatura 45
2024-06-13 21:20:57,696 - DEBUG - Simulando con irradiancia 100 y temperatura 50
2024-06-13 21:20:58,439 - DEBUG - Simulando con irradiancia 100 y temperatura 50
2024-06-13 21:20:58,600 - DEBUG - Simulando con irradiancia 100 y temperatura 45
2024-06-13 21:20:59,154 - DEBUG - Simulando con irradiancia 100 y temperatura 45
2024-06-13 21:20:59,408 - DEBUG - Simulando con irradiancia 100 y temperatura 55
2024-06-13 21:20:59,867 - DEBUG - Simulando con irradiancia 100 y temperatura 50
2024-06-13 21:21:00,299 - DEBUG - Simulando con irradiancia 200 y temperatura 10
2024-06-13 21:21:00,299 - DEBUG - Simulando con irradiancia 100 y temperatura 55
2024-06-13 21:21:00,301 - DEBUG - Simulando con irradiancia 100 y temperatura 50
2024-06-13 21:21:00,301 - DEBUG - Simulando con irradiancia 100 y temperatura 50
2024-06-13 21:21:00,742 - DEBUG - Simulando con irradiancia 100 y temperatura 55
2024-06-13 21:21:01,591 - DEBUG - Simulando con irradiancia 200 y temperatura 15
2024-06-13 21:21:02,162 - DEBUG - Simulando con irradiancia 100 y temperatura 55
2024-06-13 21:21:02,305 - DEBUG - Simulando con irradiancia 200 y temperatura 10
2024-06-13 21:21:02,368 - DEBUG - Simulando con irradiancia 200 y temperatura 10
2024-06-13 21:21:02,496 - DEBUG - Simulando con irradiancia 200 y temperatura 20
2024-06-13 21:21:03,244 - DEBUG - Simulando con irradiancia 100 y temperatura 55
2024-06-13 21:21:03,338 - DEBUG - Simulando con irradiancia 200 y temperatura 10
2024-06-13 21:21:03,465 - DEBUG - Simulando con irradiancia 200 y temperatura 15
2024-06-13 21:21:03,497 - DEBUG - Simulando con irradiancia 200 y temperatura 15
2024-06-13 21:21:04,437 - DEBUG - Simulando con irradiancia 200 y temperatura 25
2024-06-13 21:21:04,470 - DEBUG - Simulando con irradiancia 200 y temperatura 20
2024-06-13 21:21:04,691 - DEBUG - Simulando con irradiancia 200 y temperatura 15
2024-06-13 21:21:05,377 - DEBUG - Simulando con irradiancia 200 y temperatura 30
2024-06-13 21:21:05,502 - DEBUG - Simulando con irradiancia 200 y temperatura 25
2024-06-13 21:21:05,851 - DEBUG - Simulando con irradiancia 200 y temperatura 10
2024-06-13 21:21:05,931 - DEBUG - Simulando con irradiancia 200 y temperatura 20
2024-06-13 21:21:06,250 - DEBUG - Simulando con irradiancia 200 y temperatura 35
2024-06-13 21:21:06,441 - DEBUG - Simulando con irradiancia 200 y temperatura 20
2024-06-13 21:21:06,792 - DEBUG - Simulando con irradiancia 200 y temperatura 25
2024-06-13 21:21:07,062 - DEBUG - Simulando con irradiancia 200 y temperatura 30
2024-06-13 21:21:07,521 - DEBUG - Simulando con irradiancia 200 y temperatura 25
2024-06-13 21:21:07,661 - DEBUG - Simulando con irradiancia 200 y temperatura 15
2024-06-13 21:21:08,489 - DEBUG - Simulando con irradiancia 200 y temperatura 30
2024-06-13 21:21:08,831 - DEBUG - Simulando con irradiancia 200 y temperatura 40
2024-06-13 21:21:09,195 - DEBUG - Simulando con irradiancia 200 y temperatura 30
2024-06-13 21:21:09,195 - DEBUG - Simulando con irradiancia 200 y temperatura 20
2024-06-13 21:21:09,261 - DEBUG - Simulando con irradiancia 200 y temperatura 35
2024-06-13 21:21:09,312 - DEBUG - Simulando con irradiancia 200 y temperatura 35
2024-06-13 21:21:09,698 - DEBUG - Simulando con irradiancia 200 y temperatura 45
2024-06-13 21:21:10,686 - DEBUG - Simulando con irradiancia 200 y temperatura 35
2024-06-13 21:21:11,137 - DEBUG - Simulando con irradiancia 200 y temperatura 40
2024-06-13 21:21:11,137 - DEBUG - Simulando con irradiancia 200 y temperatura 25
2024-06-13 21:21:11,144 - DEBUG - Simulando con irradiancia 200 y temperatura 50
2024-06-13 21:21:11,955 - DEBUG - Simulando con irradiancia 200 y temperatura 40
2024-06-13 21:21:12,286 - DEBUG - Simulando con irradiancia 200 y temperatura 40
2024-06-13 21:21:12,790 - DEBUG - Simulando con irradiancia 200 y temperatura 55
2024-06-13 21:21:12,790 - DEBUG - Simulando con irradiancia 200 y temperatura 30
2024-06-13 21:21:12,790 - DEBUG - Simulando con irradiancia 200 y temperatura 45
2024-06-13 21:21:13,190 - DEBUG - Simulando con irradiancia 200 y temperatura 45
2024-06-13 21:21:13,824 - DEBUG - Simulando con irradiancia 200 y temperatura 45
2024-06-13 21:21:13,885 - DEBUG - Simulando con irradiancia 300 y temperatura 10
2024-06-13 21:21:13,952 - DEBUG - Simulando con irradiancia 200 y temperatura 35
2024-06-13 21:21:14,821 - DEBUG - Simulando con irradiancia 200 y temperatura 50
2024-06-13 21:21:14,821 - DEBUG - Simulando con irradiancia 300 y temperatura 15
2024-06-13 21:21:14,821 - DEBUG - Simulando con irradiancia 200 y temperatura 50
2024-06-13 21:21:15,147 - DEBUG - Simulando con irradiancia 200 y temperatura 50
2024-06-13 21:21:15,827 - DEBUG - Simulando con irradiancia 300 y temperatura 20
2024-06-13 21:21:16,784 - DEBUG - Simulando con irradiancia 200 y temperatura 55
2024-06-13 21:21:16,904 - DEBUG - Simulando con irradiancia 200 y temperatura 40
2024-06-13 21:21:16,904 - DEBUG - Simulando con irradiancia 200 y temperatura 55
2024-06-13 21:21:16,905 - DEBUG - Simulando con irradiancia 300 y temperatura 25
2024-06-13 21:21:16,905 - DEBUG - Simulando con irradiancia 200 y temperatura 55
2024-06-13 21:21:17,718 - DEBUG - Simulando con irradiancia 200 y temperatura 45
2024-06-13 21:21:17,942 - DEBUG - Simulando con irradiancia 300 y temperatura 10
2024-06-13 21:21:18,707 - DEBUG - Simulando con irradiancia 300 y temperatura 10
2024-06-13 21:21:18,707 - DEBUG - Simulando con irradiancia 300 y temperatura 10
2024-06-13 21:21:18,707 - DEBUG - Simulando con irradiancia 200 y temperatura 50
2024-06-13 21:21:18,913 - DEBUG - Simulando con irradiancia 300 y temperatura 30
2024-06-13 21:21:20,304 - DEBUG - Simulando con irradiancia 300 y temperatura 15
2024-06-13 21:21:20,469 - DEBUG - Simulando con irradiancia 300 y temperatura 35
2024-06-13 21:21:20,639 - DEBUG - Simulando con irradiancia 300 y temperatura 15
2024-06-13 21:21:20,721 - DEBUG - Simulando con irradiancia 300 y temperatura 15
2024-06-13 21:21:21,068 - DEBUG - Simulando con irradiancia 200 y temperatura 55
2024-06-13 21:21:21,522 - DEBUG - Simulando con irradiancia 300 y temperatura 40
2024-06-13 21:21:21,615 - DEBUG - Simulando con irradiancia 300 y temperatura 20
2024-06-13 21:21:21,713 - DEBUG - Simulando con irradiancia 300 y temperatura 20
2024-06-13 21:21:22,023 - DEBUG - Simulando con irradiancia 300 y temperatura 20
2024-06-13 21:21:22,901 - DEBUG - Simulando con irradiancia 300 y temperatura 10
2024-06-13 21:21:23,547 - DEBUG - Simulando con irradiancia 300 y temperatura 25
2024-06-13 21:21:23,564 - DEBUG - Simulando con irradiancia 300 y temperatura 25
2024-06-13 21:21:23,921 - DEBUG - Simulando con irradiancia 300 y temperatura 45
2024-06-13 21:21:23,921 - DEBUG - Simulando con irradiancia 300 y temperatura 25
2024-06-13 21:21:24,518 - DEBUG - Simulando con irradiancia 300 y temperatura 30
2024-06-13 21:21:24,872 - DEBUG - Simulando con irradiancia 300 y temperatura 50
2024-06-13 21:21:24,872 - DEBUG - Simulando con irradiancia 300 y temperatura 30
2024-06-13 21:21:25,228 - DEBUG - Simulando con irradiancia 300 y temperatura 15
2024-06-13 21:21:26,225 - DEBUG - Simulando con irradiancia 300 y temperatura 35
2024-06-13 21:21:26,225 - DEBUG - Simulando con irradiancia 300 y temperatura 30
2024-06-13 21:21:26,225 - DEBUG - Simulando con irradiancia 300 y temperatura 55
2024-06-13 21:21:26,367 - DEBUG - Simulando con irradiancia 300 y temperatura 35
2024-06-13 21:21:26,675 - DEBUG - Simulando con irradiancia 300 y temperatura 20
2024-06-13 21:21:27,334 - DEBUG - Simulando con irradiancia 300 y temperatura 40
2024-06-13 21:21:27,334 - DEBUG - Simulando con irradiancia 300 y temperatura 35
2024-06-13 21:21:27,702 - DEBUG - Simulando con irradiancia 300 y temperatura 40
2024-06-13 21:21:28,144 - DEBUG - Simulando con irradiancia 400 y temperatura 10
2024-06-13 21:21:28,578 - DEBUG - Simulando con irradiancia 300 y temperatura 25
2024-06-13 21:21:29,004 - DEBUG - Simulando con irradiancia 300 y temperatura 45
2024-06-13 21:21:29,395 - DEBUG - Simulando con irradiancia 300 y temperatura 45
2024-06-13 21:21:29,578 - DEBUG - Simulando con irradiancia 300 y temperatura 40
2024-06-13 21:21:29,674 - DEBUG - Simulando con irradiancia 300 y temperatura 50
2024-06-13 21:21:30,145 - DEBUG - Simulando con irradiancia 300 y temperatura 30
2024-06-13 21:21:30,384 - DEBUG - Simulando con irradiancia 300 y temperatura 50
2024-06-13 21:21:31,121 - DEBUG - Simulando con irradiancia 300 y temperatura 55
2024-06-13 21:21:31,360 - DEBUG - Simulando con irradiancia 300 y temperatura 45
2024-06-13 21:21:31,596 - DEBUG - Simulando con irradiancia 300 y temperatura 35
2024-06-13 21:21:31,670 - DEBUG - Simulando con irradiancia 400 y temperatura 15
2024-06-13 21:21:31,670 - DEBUG - Simulando con irradiancia 400 y temperatura 10
2024-06-13 21:21:32,428 - DEBUG - Simulando con irradiancia 300 y temperatura 40
2024-06-13 21:21:32,476 - DEBUG - Simulando con irradiancia 400 y temperatura 20
2024-06-13 21:21:33,272 - DEBUG - Simulando con irradiancia 300 y temperatura 50
2024-06-13 21:21:33,350 - DEBUG - Simulando con irradiancia 300 y temperatura 55
2024-06-13 21:21:33,377 - DEBUG - Simulando con irradiancia 400 y temperatura 15
2024-06-13 21:21:33,436 - DEBUG - Simulando con irradiancia 300 y temperatura 45
2024-06-13 21:21:34,163 - DEBUG - Simulando con irradiancia 400 y temperatura 20
2024-06-13 21:21:34,721 - DEBUG - Simulando con irradiancia 300 y temperatura 50
2024-06-13 21:21:34,929 - DEBUG - Simulando con irradiancia 400 y temperatura 25
2024-06-13 21:21:34,929 - DEBUG - Simulando con irradiancia 400 y temperatura 10
2024-06-13 21:21:35,522 - DEBUG - Simulando con irradiancia 300 y temperatura 55
2024-06-13 21:21:35,799 - DEBUG - Simulando con irradiancia 300 y temperatura 55
2024-06-13 21:21:36,065 - DEBUG - Simulando con irradiancia 400 y temperatura 25
2024-06-13 21:21:36,065 - DEBUG - Simulando con irradiancia 400 y temperatura 30
2024-06-13 21:21:36,332 - DEBUG - Simulando con irradiancia 400 y temperatura 10
2024-06-13 21:21:36,683 - DEBUG - Simulando con irradiancia 400 y temperatura 15
2024-06-13 21:21:37,424 - DEBUG - Simulando con irradiancia 400 y temperatura 10
2024-06-13 21:21:37,425 - DEBUG - Simulando con irradiancia 400 y temperatura 15
2024-06-13 21:21:37,889 - DEBUG - Simulando con irradiancia 400 y temperatura 35
2024-06-13 21:21:37,960 - DEBUG - Simulando con irradiancia 400 y temperatura 30
2024-06-13 21:21:38,095 - DEBUG - Simulando con irradiancia 400 y temperatura 20
2024-06-13 21:21:39,351 - DEBUG - Simulando con irradiancia 400 y temperatura 20
2024-06-13 21:21:39,404 - DEBUG - Simulando con irradiancia 400 y temperatura 35
2024-06-13 21:21:39,617 - DEBUG - Simulando con irradiancia 400 y temperatura 15
2024-06-13 21:21:40,287 - DEBUG - Simulando con irradiancia 400 y temperatura 40
2024-06-13 21:21:40,287 - DEBUG - Simulando con irradiancia 400 y temperatura 25
2024-06-13 21:21:40,294 - DEBUG - Simulando con irradiancia 400 y temperatura 40
2024-06-13 21:21:40,618 - DEBUG - Simulando con irradiancia 400 y temperatura 25
2024-06-13 21:21:41,225 - DEBUG - Simulando con irradiancia 400 y temperatura 45
2024-06-13 21:21:41,225 - DEBUG - Simulando con irradiancia 400 y temperatura 30
2024-06-13 21:21:41,225 - DEBUG - Simulando con irradiancia 400 y temperatura 20
2024-06-13 21:21:42,190 - DEBUG - Simulando con irradiancia 400 y temperatura 30
2024-06-13 21:21:42,190 - DEBUG - Simulando con irradiancia 400 y temperatura 45
2024-06-13 21:21:42,460 - DEBUG - Simulando con irradiancia 400 y temperatura 50
2024-06-13 21:21:42,460 - DEBUG - Simulando con irradiancia 400 y temperatura 35
2024-06-13 21:21:43,127 - DEBUG - Simulando con irradiancia 400 y temperatura 50
2024-06-13 21:21:43,554 - DEBUG - Simulando con irradiancia 400 y temperatura 55
2024-06-13 21:21:43,671 - DEBUG - Simulando con irradiancia 400 y temperatura 35
2024-06-13 21:21:43,927 - DEBUG - Simulando con irradiancia 400 y temperatura 25
2024-06-13 21:21:44,396 - DEBUG - Simulando con irradiancia 400 y temperatura 55
2024-06-13 21:21:44,529 - DEBUG - Simulando con irradiancia 400 y temperatura 40
2024-06-13 21:21:44,620 - DEBUG - Simulando con irradiancia 500 y temperatura 10
2024-06-13 21:21:45,819 - DEBUG - Simulando con irradiancia 400 y temperatura 45
2024-06-13 21:21:45,826 - DEBUG - Simulando con irradiancia 400 y temperatura 40
2024-06-13 21:21:45,826 - DEBUG - Simulando con irradiancia 500 y temperatura 10
2024-06-13 21:21:45,861 - DEBUG - Simulando con irradiancia 400 y temperatura 30
2024-06-13 21:21:46,825 - DEBUG - Simulando con irradiancia 400 y temperatura 45
2024-06-13 21:21:47,111 - DEBUG - Simulando con irradiancia 400 y temperatura 50
2024-06-13 21:21:47,330 - DEBUG - Simulando con irradiancia 500 y temperatura 15
2024-06-13 21:21:47,876 - DEBUG - Simulando con irradiancia 400 y temperatura 50
2024-06-13 21:21:48,067 - DEBUG - Simulando con irradiancia 400 y temperatura 35
2024-06-13 21:21:48,304 - DEBUG - Simulando con irradiancia 400 y temperatura 55
2024-06-13 21:21:48,304 - DEBUG - Simulando con irradiancia 500 y temperatura 20
2024-06-13 21:21:48,346 - DEBUG - Simulando con irradiancia 500 y temperatura 15
2024-06-13 21:21:48,912 - DEBUG - Simulando con irradiancia 400 y temperatura 40
2024-06-13 21:21:48,912 - DEBUG - Simulando con irradiancia 400 y temperatura 55
2024-06-13 21:21:49,260 - DEBUG - Simulando con irradiancia 500 y temperatura 25
2024-06-13 21:21:49,760 - DEBUG - Simulando con irradiancia 500 y temperatura 20
2024-06-13 21:21:50,218 - DEBUG - Simulando con irradiancia 400 y temperatura 45
2024-06-13 21:21:50,218 - DEBUG - Simulando con irradiancia 500 y temperatura 10
2024-06-13 21:21:51,116 - DEBUG - Simulando con irradiancia 500 y temperatura 25
2024-06-13 21:21:51,116 - DEBUG - Simulando con irradiancia 500 y temperatura 10
2024-06-13 21:21:51,116 - DEBUG - Simulando con irradiancia 500 y temperatura 30
2024-06-13 21:21:51,411 - DEBUG - Simulando con irradiancia 400 y temperatura 50
2024-06-13 21:21:52,047 - DEBUG - Simulando con irradiancia 500 y temperatura 30
2024-06-13 21:21:52,055 - DEBUG - Simulando con irradiancia 500 y temperatura 15
2024-06-13 21:21:52,689 - DEBUG - Simulando con irradiancia 500 y temperatura 35
2024-06-13 21:21:53,575 - DEBUG - Simulando con irradiancia 400 y temperatura 55
2024-06-13 21:21:53,576 - DEBUG - Simulando con irradiancia 500 y temperatura 15
2024-06-13 21:21:53,890 - DEBUG - Simulando con irradiancia 500 y temperatura 35
2024-06-13 21:21:54,182 - DEBUG - Simulando con irradiancia 500 y temperatura 10
2024-06-13 21:21:54,453 - DEBUG - Simulando con irradiancia 500 y temperatura 20
2024-06-13 21:21:54,839 - DEBUG - Simulando con irradiancia 500 y temperatura 40
2024-06-13 21:21:55,029 - DEBUG - Simulando con irradiancia 500 y temperatura 15
2024-06-13 21:21:55,390 - DEBUG - Simulando con irradiancia 500 y temperatura 40
2024-06-13 21:21:56,061 - DEBUG - Simulando con irradiancia 500 y temperatura 20
2024-06-13 21:21:56,061 - DEBUG - Simulando con irradiancia 500 y temperatura 20
2024-06-13 21:21:56,083 - DEBUG - Simulando con irradiancia 500 y temperatura 25
2024-06-13 21:21:56,389 - DEBUG - Simulando con irradiancia 500 y temperatura 45
2024-06-13 21:21:56,389 - DEBUG - Simulando con irradiancia 500 y temperatura 45
2024-06-13 21:21:56,895 - DEBUG - Simulando con irradiancia 500 y temperatura 25
2024-06-13 21:21:57,023 - DEBUG - Simulando con irradiancia 500 y temperatura 25
2024-06-13 21:21:57,836 - DEBUG - Simulando con irradiancia 500 y temperatura 50
2024-06-13 21:21:58,834 - DEBUG - Simulando con irradiancia 500 y temperatura 55
2024-06-13 21:21:58,839 - DEBUG - Simulando con irradiancia 500 y temperatura 50
2024-06-13 21:21:58,839 - DEBUG - Simulando con irradiancia 500 y temperatura 30
2024-06-13 21:21:58,840 - DEBUG - Simulando con irradiancia 500 y temperatura 30
2024-06-13 21:21:59,050 - DEBUG - Simulando con irradiancia 500 y temperatura 30
2024-06-13 21:21:59,382 - DEBUG - Simulando con irradiancia 600 y temperatura 10
2024-06-13 21:22:00,149 - DEBUG - Simulando con irradiancia 500 y temperatura 55
2024-06-13 21:22:00,434 - DEBUG - Simulando con irradiancia 500 y temperatura 35
2024-06-13 21:22:00,672 - DEBUG - Simulando con irradiancia 500 y temperatura 35
2024-06-13 21:22:00,893 - DEBUG - Simulando con irradiancia 600 y temperatura 15
2024-06-13 21:22:01,015 - DEBUG - Simulando con irradiancia 500 y temperatura 35
2024-06-13 21:22:01,570 - DEBUG - Simulando con irradiancia 600 y temperatura 10
2024-06-13 21:22:01,570 - DEBUG - Simulando con irradiancia 500 y temperatura 40
2024-06-13 21:22:01,607 - DEBUG - Simulando con irradiancia 500 y temperatura 40
2024-06-13 21:22:02,229 - DEBUG - Simulando con irradiancia 500 y temperatura 40
2024-06-13 21:22:02,482 - DEBUG - Simulando con irradiancia 600 y temperatura 20
2024-06-13 21:22:02,562 - DEBUG - Simulando con irradiancia 600 y temperatura 15
2024-06-13 21:22:03,355 - DEBUG - Simulando con irradiancia 600 y temperatura 25
2024-06-13 21:22:03,657 - DEBUG - Simulando con irradiancia 500 y temperatura 45
2024-06-13 21:22:04,026 - DEBUG - Simulando con irradiancia 600 y temperatura 20
2024-06-13 21:22:04,392 - DEBUG - Simulando con irradiancia 500 y temperatura 45
2024-06-13 21:22:04,393 - DEBUG - Simulando con irradiancia 500 y temperatura 45
2024-06-13 21:22:04,503 - DEBUG - Simulando con irradiancia 600 y temperatura 30
2024-06-13 21:22:05,122 - DEBUG - Simulando con irradiancia 500 y temperatura 50
2024-06-13 21:22:06,441 - DEBUG - Simulando con irradiancia 600 y temperatura 35
2024-06-13 21:22:06,441 - DEBUG - Simulando con irradiancia 500 y temperatura 50
2024-06-13 21:22:06,441 - DEBUG - Simulando con irradiancia 600 y temperatura 25
2024-06-13 21:22:06,515 - DEBUG - Simulando con irradiancia 500 y temperatura 55
2024-06-13 21:22:06,515 - DEBUG - Simulando con irradiancia 500 y temperatura 50
2024-06-13 21:22:07,047 - DEBUG - Simulando con irradiancia 500 y temperatura 55
2024-06-13 21:22:07,367 - DEBUG - Simulando con irradiancia 600 y temperatura 40
2024-06-13 21:22:08,434 - DEBUG - Simulando con irradiancia 500 y temperatura 55
2024-06-13 21:22:08,642 - DEBUG - Simulando con irradiancia 600 y temperatura 30
2024-06-13 21:22:08,995 - DEBUG - Simulando con irradiancia 600 y temperatura 10
2024-06-13 21:22:09,202 - DEBUG - Simulando con irradiancia 600 y temperatura 10
2024-06-13 21:22:09,280 - DEBUG - Simulando con irradiancia 600 y temperatura 45
2024-06-13 21:22:09,597 - DEBUG - Simulando con irradiancia 600 y temperatura 10
2024-06-13 21:22:09,708 - DEBUG - Simulando con irradiancia 600 y temperatura 35
2024-06-13 21:22:09,773 - DEBUG - Simulando con irradiancia 600 y temperatura 15
2024-06-13 21:22:10,945 - DEBUG - Simulando con irradiancia 600 y temperatura 15
2024-06-13 21:22:11,041 - DEBUG - Simulando con irradiancia 600 y temperatura 40
2024-06-13 21:22:11,266 - DEBUG - Simulando con irradiancia 600 y temperatura 50
2024-06-13 21:22:11,266 - DEBUG - Simulando con irradiancia 600 y temperatura 15
2024-06-13 21:22:11,501 - DEBUG - Simulando con irradiancia 600 y temperatura 20
2024-06-13 21:22:11,595 - DEBUG - Simulando con irradiancia 600 y temperatura 45
2024-06-13 21:22:12,929 - DEBUG - Simulando con irradiancia 600 y temperatura 50
2024-06-13 21:22:13,025 - DEBUG - Simulando con irradiancia 600 y temperatura 20
2024-06-13 21:22:13,089 - DEBUG - Simulando con irradiancia 600 y temperatura 55
2024-06-13 21:22:13,442 - DEBUG - Simulando con irradiancia 600 y temperatura 25
2024-06-13 21:22:13,474 - DEBUG - Simulando con irradiancia 600 y temperatura 20
2024-06-13 21:22:13,570 - DEBUG - Simulando con irradiancia 600 y temperatura 55
2024-06-13 21:22:13,714 - DEBUG - Simulando con irradiancia 600 y temperatura 25
2024-06-13 21:22:14,596 - DEBUG - Simulando con irradiancia 600 y temperatura 30
2024-06-13 21:22:14,603 - DEBUG - Simulando con irradiancia 700 y temperatura 10
2024-06-13 21:22:14,893 - DEBUG - Simulando con irradiancia 700 y temperatura 10
2024-06-13 21:22:15,629 - DEBUG - Simulando con irradiancia 600 y temperatura 25
2024-06-13 21:22:15,669 - DEBUG - Simulando con irradiancia 600 y temperatura 35
2024-06-13 21:22:15,828 - DEBUG - Simulando con irradiancia 600 y temperatura 30
2024-06-13 21:22:16,255 - DEBUG - Simulando con irradiancia 700 y temperatura 15
2024-06-13 21:22:16,255 - DEBUG - Simulando con irradiancia 700 y temperatura 15
2024-06-13 21:22:16,844 - DEBUG - Simulando con irradiancia 600 y temperatura 40
2024-06-13 21:22:16,892 - DEBUG - Simulando con irradiancia 600 y temperatura 35
2024-06-13 21:22:17,975 - DEBUG - Simulando con irradiancia 700 y temperatura 20
2024-06-13 21:22:18,073 - DEBUG - Simulando con irradiancia 600 y temperatura 40
2024-06-13 21:22:18,133 - DEBUG - Simulando con irradiancia 600 y temperatura 45
2024-06-13 21:22:18,133 - DEBUG - Simulando con irradiancia 600 y temperatura 30
2024-06-13 21:22:18,562 - DEBUG - Simulando con irradiancia 600 y temperatura 50
2024-06-13 21:22:18,562 - DEBUG - Simulando con irradiancia 700 y temperatura 20
2024-06-13 21:22:19,794 - DEBUG - Simulando con irradiancia 600 y temperatura 45
2024-06-13 21:22:20,010 - DEBUG - Simulando con irradiancia 600 y temperatura 35
2024-06-13 21:22:20,074 - DEBUG - Simulando con irradiancia 700 y temperatura 25
2024-06-13 21:22:20,077 - DEBUG - Simulando con irradiancia 700 y temperatura 25
2024-06-13 21:22:20,077 - DEBUG - Simulando con irradiancia 600 y temperatura 55
2024-06-13 21:22:20,493 - DEBUG - Simulando con irradiancia 600 y temperatura 50
2024-06-13 21:22:20,578 - DEBUG - Simulando con irradiancia 600 y temperatura 40
2024-06-13 21:22:21,078 - DEBUG - Simulando con irradiancia 700 y temperatura 10
2024-06-13 21:22:21,393 - DEBUG - Simulando con irradiancia 700 y temperatura 30
2024-06-13 21:22:21,393 - DEBUG - Simulando con irradiancia 700 y temperatura 30
2024-06-13 21:22:21,679 - DEBUG - Simulando con irradiancia 600 y temperatura 55
2024-06-13 21:22:22,127 - DEBUG - Simulando con irradiancia 700 y temperatura 15
2024-06-13 21:22:22,805 - DEBUG - Simulando con irradiancia 600 y temperatura 45
2024-06-13 21:22:23,170 - DEBUG - Simulando con irradiancia 700 y temperatura 35
2024-06-13 21:22:23,179 - DEBUG - Simulando con irradiancia 700 y temperatura 35
2024-06-13 21:22:23,202 - DEBUG - Simulando con irradiancia 700 y temperatura 10
2024-06-13 21:22:24,077 - DEBUG - Simulando con irradiancia 700 y temperatura 40
2024-06-13 21:22:24,077 - DEBUG - Simulando con irradiancia 600 y temperatura 50
2024-06-13 21:22:24,740 - DEBUG - Simulando con irradiancia 700 y temperatura 20
2024-06-13 21:22:25,193 - DEBUG - Simulando con irradiancia 700 y temperatura 40
2024-06-13 21:22:25,289 - DEBUG - Simulando con irradiancia 700 y temperatura 15
2024-06-13 21:22:25,289 - DEBUG - Simulando con irradiancia 700 y temperatura 45
2024-06-13 21:22:25,972 - DEBUG - Simulando con irradiancia 700 y temperatura 45
2024-06-13 21:22:25,972 - DEBUG - Simulando con irradiancia 700 y temperatura 25
2024-06-13 21:22:26,015 - DEBUG - Simulando con irradiancia 600 y temperatura 55
2024-06-13 21:22:26,507 - DEBUG - Simulando con irradiancia 700 y temperatura 50
2024-06-13 21:22:27,447 - DEBUG - Simulando con irradiancia 700 y temperatura 10
2024-06-13 21:22:27,474 - DEBUG - Simulando con irradiancia 700 y temperatura 20
2024-06-13 21:22:27,511 - DEBUG - Simulando con irradiancia 700 y temperatura 30
2024-06-13 21:22:27,797 - DEBUG - Simulando con irradiancia 700 y temperatura 50
2024-06-13 21:22:27,798 - DEBUG - Simulando con irradiancia 700 y temperatura 55
2024-06-13 21:22:28,635 - DEBUG - Simulando con irradiancia 700 y temperatura 15
2024-06-13 21:22:28,635 - DEBUG - Simulando con irradiancia 700 y temperatura 35
2024-06-13 21:22:28,765 - DEBUG - Simulando con irradiancia 700 y temperatura 25
2024-06-13 21:22:29,577 - DEBUG - Simulando con irradiancia 700 y temperatura 55
2024-06-13 21:22:29,609 - DEBUG - Simulando con irradiancia 800 y temperatura 10
2024-06-13 21:22:29,916 - DEBUG - Simulando con irradiancia 700 y temperatura 40
2024-06-13 21:22:29,977 - DEBUG - Simulando con irradiancia 700 y temperatura 20
2024-06-13 21:22:30,275 - DEBUG - Simulando con irradiancia 800 y temperatura 10
2024-06-13 21:22:30,819 - DEBUG - Simulando con irradiancia 700 y temperatura 45
2024-06-13 21:22:31,197 - DEBUG - Simulando con irradiancia 700 y temperatura 25
2024-06-13 21:22:31,818 - DEBUG - Simulando con irradiancia 700 y temperatura 30
2024-06-13 21:22:31,818 - DEBUG - Simulando con irradiancia 800 y temperatura 15
2024-06-13 21:22:32,327 - DEBUG - Simulando con irradiancia 700 y temperatura 50
2024-06-13 21:22:32,327 - DEBUG - Simulando con irradiancia 700 y temperatura 30
2024-06-13 21:22:32,577 - DEBUG - Simulando con irradiancia 800 y temperatura 15
2024-06-13 21:22:32,833 - DEBUG - Simulando con irradiancia 700 y temperatura 35
2024-06-13 21:22:33,096 - DEBUG - Simulando con irradiancia 800 y temperatura 20
2024-06-13 21:22:33,232 - DEBUG - Simulando con irradiancia 700 y temperatura 55
2024-06-13 21:22:33,530 - DEBUG - Simulando con irradiancia 700 y temperatura 35
2024-06-13 21:22:34,129 - DEBUG - Simulando con irradiancia 700 y temperatura 40
2024-06-13 21:22:34,173 - DEBUG - Simulando con irradiancia 800 y temperatura 20
2024-06-13 21:22:34,953 - DEBUG - Simulando con irradiancia 800 y temperatura 25
2024-06-13 21:22:35,224 - DEBUG - Simulando con irradiancia 700 y temperatura 40
2024-06-13 21:22:35,383 - DEBUG - Simulando con irradiancia 700 y temperatura 45
2024-06-13 21:22:35,779 - DEBUG - Simulando con irradiancia 700 y temperatura 45
2024-06-13 21:22:36,259 - DEBUG - Simulando con irradiancia 800 y temperatura 30
2024-06-13 21:22:36,841 - DEBUG - Simulando con irradiancia 700 y temperatura 50
2024-06-13 21:22:36,841 - DEBUG - Simulando con irradiancia 700 y temperatura 50
2024-06-13 21:22:36,841 - DEBUG - Simulando con irradiancia 800 y temperatura 10
2024-06-13 21:22:37,277 - DEBUG - Simulando con irradiancia 800 y temperatura 25
2024-06-13 21:22:37,490 - DEBUG - Simulando con irradiancia 800 y temperatura 35
2024-06-13 21:22:38,018 - DEBUG - Simulando con irradiancia 700 y temperatura 55
2024-06-13 21:22:38,241 - DEBUG - Simulando con irradiancia 700 y temperatura 55
2024-06-13 21:22:38,446 - DEBUG - Simulando con irradiancia 800 y temperatura 15
2024-06-13 21:22:38,461 - DEBUG - Simulando con irradiancia 800 y temperatura 30
2024-06-13 21:22:39,107 - DEBUG - Simulando con irradiancia 800 y temperatura 40
2024-06-13 21:22:39,323 - DEBUG - Simulando con irradiancia 800 y temperatura 10
2024-06-13 21:22:39,323 - DEBUG - Simulando con irradiancia 800 y temperatura 10
2024-06-13 21:22:40,259 - DEBUG - Simulando con irradiancia 800 y temperatura 20
2024-06-13 21:22:40,350 - DEBUG - Simulando con irradiancia 800 y temperatura 45
2024-06-13 21:22:40,610 - DEBUG - Simulando con irradiancia 800 y temperatura 15
2024-06-13 21:22:40,786 - DEBUG - Simulando con irradiancia 800 y temperatura 35
2024-06-13 21:22:41,320 - DEBUG - Simulando con irradiancia 800 y temperatura 50
2024-06-13 21:22:41,534 - DEBUG - Simulando con irradiancia 800 y temperatura 15
2024-06-13 21:22:41,782 - DEBUG - Simulando con irradiancia 800 y temperatura 25
2024-06-13 21:22:41,902 - DEBUG - Simulando con irradiancia 800 y temperatura 20
2024-06-13 21:22:42,978 - DEBUG - Simulando con irradiancia 800 y temperatura 55
2024-06-13 21:22:43,043 - DEBUG - Simulando con irradiancia 800 y temperatura 30
2024-06-13 21:22:43,297 - DEBUG - Simulando con irradiancia 800 y temperatura 40
2024-06-13 21:22:43,964 - DEBUG - Simulando con irradiancia 800 y temperatura 20
2024-06-13 21:22:43,964 - DEBUG - Simulando con irradiancia 900 y temperatura 10
2024-06-13 21:22:43,965 - DEBUG - Simulando con irradiancia 800 y temperatura 35
2024-06-13 21:22:44,363 - DEBUG - Simulando con irradiancia 800 y temperatura 25
2024-06-13 21:22:44,651 - DEBUG - Simulando con irradiancia 800 y temperatura 45
2024-06-13 21:22:45,383 - DEBUG - Simulando con irradiancia 800 y temperatura 25
2024-06-13 21:22:45,693 - DEBUG - Simulando con irradiancia 900 y temperatura 15
2024-06-13 21:22:45,693 - DEBUG - Simulando con irradiancia 800 y temperatura 40
2024-06-13 21:22:45,794 - DEBUG - Simulando con irradiancia 800 y temperatura 30
2024-06-13 21:22:45,795 - DEBUG - Simulando con irradiancia 800 y temperatura 30
2024-06-13 21:22:46,286 - DEBUG - Simulando con irradiancia 900 y temperatura 20
2024-06-13 21:22:46,286 - DEBUG - Simulando con irradiancia 800 y temperatura 50
2024-06-13 21:22:47,164 - DEBUG - Simulando con irradiancia 800 y temperatura 35
2024-06-13 21:22:47,466 - DEBUG - Simulando con irradiancia 800 y temperatura 45
2024-06-13 21:22:47,466 - DEBUG - Simulando con irradiancia 800 y temperatura 35
2024-06-13 21:22:47,470 - DEBUG - Simulando con irradiancia 900 y temperatura 25
2024-06-13 21:22:48,117 - DEBUG - Simulando con irradiancia 800 y temperatura 55
2024-06-13 21:22:48,355 - DEBUG - Simulando con irradiancia 800 y temperatura 40
2024-06-13 21:22:48,963 - DEBUG - Simulando con irradiancia 900 y temperatura 30
2024-06-13 21:22:48,963 - DEBUG - Simulando con irradiancia 800 y temperatura 50
2024-06-13 21:22:48,985 - DEBUG - Simulando con irradiancia 800 y temperatura 40
2024-06-13 21:22:49,579 - DEBUG - Simulando con irradiancia 900 y temperatura 10
2024-06-13 21:22:50,019 - DEBUG - Simulando con irradiancia 800 y temperatura 45
2024-06-13 21:22:50,105 - DEBUG - Simulando con irradiancia 900 y temperatura 35
2024-06-13 21:22:50,682 - DEBUG - Simulando con irradiancia 800 y temperatura 50
2024-06-13 21:22:50,841 - DEBUG - Simulando con irradiancia 800 y temperatura 55
2024-06-13 21:22:51,999 - DEBUG - Simulando con irradiancia 800 y temperatura 55
2024-06-13 21:22:51,999 - DEBUG - Simulando con irradiancia 900 y temperatura 40
2024-06-13 21:22:51,999 - DEBUG - Simulando con irradiancia 800 y temperatura 45
2024-06-13 21:22:52,039 - DEBUG - Simulando con irradiancia 900 y temperatura 15
2024-06-13 21:22:52,396 - DEBUG - Simulando con irradiancia 900 y temperatura 10
2024-06-13 21:22:52,396 - DEBUG - Simulando con irradiancia 900 y temperatura 10
2024-06-13 21:22:53,045 - DEBUG - Simulando con irradiancia 900 y temperatura 20
2024-06-13 21:22:53,379 - DEBUG - Simulando con irradiancia 900 y temperatura 45
2024-06-13 21:22:53,893 - DEBUG - Simulando con irradiancia 900 y temperatura 15
2024-06-13 21:22:54,296 - DEBUG - Simulando con irradiancia 900 y temperatura 15
2024-06-13 21:22:54,489 - DEBUG - Simulando con irradiancia 800 y temperatura 50
2024-06-13 21:22:55,270 - DEBUG - Simulando con irradiancia 900 y temperatura 25
2024-06-13 21:22:55,379 - DEBUG - Simulando con irradiancia 900 y temperatura 20
2024-06-13 21:22:55,395 - DEBUG - Simulando con irradiancia 800 y temperatura 55
2024-06-13 21:22:55,553 - DEBUG - Simulando con irradiancia 900 y temperatura 50
2024-06-13 21:22:56,421 - DEBUG - Simulando con irradiancia 900 y temperatura 10
2024-06-13 21:22:56,428 - DEBUG - Simulando con irradiancia 900 y temperatura 20
2024-06-13 21:22:56,428 - DEBUG - Simulando con irradiancia 900 y temperatura 30
2024-06-13 21:22:56,428 - DEBUG - Simulando con irradiancia 900 y temperatura 55
2024-06-13 21:22:57,022 - DEBUG - Simulando con irradiancia 900 y temperatura 15
2024-06-13 21:22:57,047 - DEBUG - Simulando con irradiancia 900 y temperatura 25
2024-06-13 21:22:57,571 - DEBUG - Simulando con irradiancia 900 y temperatura 35
2024-06-13 21:22:57,578 - DEBUG - Simulando con irradiancia 900 y temperatura 25
2024-06-13 21:22:58,241 - DEBUG - Simulando con irradiancia 1000 y temperatura 10
2024-06-13 21:22:58,241 - DEBUG - Simulando con irradiancia 900 y temperatura 20
2024-06-13 21:22:58,541 - DEBUG - Simulando con irradiancia 900 y temperatura 30
2024-06-13 21:22:59,353 - DEBUG - Simulando con irradiancia 900 y temperatura 30
2024-06-13 21:22:59,961 - DEBUG - Simulando con irradiancia 900 y temperatura 35
2024-06-13 21:22:59,961 - DEBUG - Simulando con irradiancia 1000 y temperatura 15
2024-06-13 21:23:00,113 - DEBUG - Simulando con irradiancia 900 y temperatura 40
2024-06-13 21:23:00,114 - DEBUG - Simulando con irradiancia 900 y temperatura 25
2024-06-13 21:23:00,583 - DEBUG - Simulando con irradiancia 900 y temperatura 35
2024-06-13 21:23:00,846 - DEBUG - Simulando con irradiancia 900 y temperatura 40
2024-06-13 21:23:01,222 - DEBUG - Simulando con irradiancia 900 y temperatura 45
2024-06-13 21:23:01,412 - DEBUG - Simulando con irradiancia 1000 y temperatura 20
2024-06-13 21:23:02,530 - DEBUG - Simulando con irradiancia 900 y temperatura 40
2024-06-13 21:23:02,628 - DEBUG - Simulando con irradiancia 1000 y temperatura 25
2024-06-13 21:23:02,660 - DEBUG - Simulando con irradiancia 900 y temperatura 45
2024-06-13 21:23:02,816 - DEBUG - Simulando con irradiancia 900 y temperatura 30
2024-06-13 21:23:03,406 - DEBUG - Simulando con irradiancia 900 y temperatura 50
2024-06-13 21:23:03,993 - DEBUG - Simulando con irradiancia 1000 y temperatura 30
2024-06-13 21:23:04,190 - DEBUG - Simulando con irradiancia 900 y temperatura 50
2024-06-13 21:23:04,524 - DEBUG - Simulando con irradiancia 900 y temperatura 45
2024-06-13 21:23:04,683 - DEBUG - Simulando con irradiancia 900 y temperatura 35
2024-06-13 21:23:05,508 - DEBUG - Simulando con irradiancia 1000 y temperatura 35
2024-06-13 21:23:05,546 - DEBUG - Simulando con irradiancia 900 y temperatura 40
2024-06-13 21:23:05,546 - DEBUG - Simulando con irradiancia 900 y temperatura 55
2024-06-13 21:23:05,546 - DEBUG - Simulando con irradiancia 900 y temperatura 55
2024-06-13 21:23:05,774 - DEBUG - Simulando con irradiancia 900 y temperatura 50
2024-06-13 21:23:06,318 - DEBUG - Simulando con irradiancia 1000 y temperatura 40
2024-06-13 21:23:06,894 - DEBUG - Simulando con irradiancia 1000 y temperatura 10
2024-06-13 21:23:07,172 - DEBUG - Simulando con irradiancia 900 y temperatura 45
2024-06-13 21:23:07,308 - DEBUG - Simulando con irradiancia 1000 y temperatura 10
2024-06-13 21:23:07,459 - DEBUG - Simulando con irradiancia 900 y temperatura 55
2024-06-13 21:23:07,459 - DEBUG - Simulando con irradiancia 1000 y temperatura 15
2024-06-13 21:23:07,863 - DEBUG - Simulando con irradiancia 1000 y temperatura 45
2024-06-13 21:23:08,176 - DEBUG - Simulando con irradiancia 1000 y temperatura 15
2024-06-13 21:23:08,309 - DEBUG - Simulando con irradiancia 900 y temperatura 50
2024-06-13 21:23:08,454 - DEBUG - Simulando con irradiancia 1000 y temperatura 10
2024-06-13 21:23:09,056 - DEBUG - Simulando con irradiancia 1000 y temperatura 20
2024-06-13 21:23:09,248 - DEBUG - Simulando con irradiancia 1000 y temperatura 50
2024-06-13 21:23:09,624 - DEBUG - Simulando con irradiancia 900 y temperatura 55
2024-06-13 21:23:09,624 - DEBUG - Simulando con irradiancia 1000 y temperatura 20
2024-06-13 21:23:10,409 - DEBUG - Simulando con irradiancia 1000 y temperatura 25
2024-06-13 21:23:10,409 - DEBUG - Simulando con irradiancia 1000 y temperatura 15
2024-06-13 21:23:11,138 - DEBUG - Simulando con irradiancia 1000 y temperatura 25
2024-06-13 21:23:11,351 - DEBUG - Simulando con irradiancia 1000 y temperatura 55
2024-06-13 21:23:11,351 - DEBUG - Simulando con irradiancia 1000 y temperatura 10
2024-06-13 21:23:11,918 - DEBUG - Simulando con irradiancia 1000 y temperatura 30
2024-06-13 21:23:12,079 - DEBUG - Simulando con irradiancia 1000 y temperatura 20
2024-06-13 21:23:12,782 - DEBUG - Simulando con irradiancia 1000 y temperatura 35
2024-06-13 21:23:13,035 - DEBUG - Simulando con irradiancia 1000 y temperatura 30
2024-06-13 21:23:13,131 - DEBUG - Simulando con irradiancia 1000 y temperatura 15
2024-06-13 21:23:13,958 - DEBUG - Simulando con irradiancia 1000 y temperatura 35
2024-06-13 21:23:13,972 - DEBUG - Simulando con irradiancia 1000 y temperatura 40
2024-06-13 21:23:13,972 - DEBUG - Simulando con irradiancia 1000 y temperatura 25
2024-06-13 21:23:13,998 - DEBUG - Simulando con irradiancia 1000 y temperatura 20
2024-06-13 21:23:15,177 - DEBUG - Simulando con irradiancia 1000 y temperatura 45
2024-06-13 21:23:15,177 - DEBUG - Simulando con irradiancia 1000 y temperatura 25
2024-06-13 21:23:15,233 - DEBUG - Simulando con irradiancia 1000 y temperatura 40
2024-06-13 21:23:15,233 - DEBUG - Simulando con irradiancia 1000 y temperatura 30
2024-06-13 21:23:16,036 - DEBUG - Simulando con irradiancia 1000 y temperatura 50
2024-06-13 21:23:16,036 - DEBUG - Simulando con irradiancia 1000 y temperatura 45
2024-06-13 21:23:16,036 - DEBUG - Simulando con irradiancia 1000 y temperatura 30
2024-06-13 21:23:16,636 - DEBUG - Simulando con irradiancia 1000 y temperatura 50
2024-06-13 21:23:16,636 - DEBUG - Simulando con irradiancia 1000 y temperatura 55
2024-06-13 21:23:17,216 - DEBUG - Simulando con irradiancia 1000 y temperatura 35
2024-06-13 21:23:17,987 - DEBUG - Simulando con irradiancia 1000 y temperatura 35
2024-06-13 21:23:17,987 - DEBUG - Simulando con irradiancia 1000 y temperatura 55
2024-06-13 21:23:18,266 - DEBUG - Simulando con irradiancia 1000 y temperatura 40
2024-06-13 21:23:18,377 - DEBUG - Simulando con irradiancia 1000 y temperatura 40
2024-06-13 21:23:18,886 - DEBUG - Simulando con irradiancia 1000 y temperatura 45
2024-06-13 21:23:19,350 - DEBUG - Simulando con irradiancia 1000 y temperatura 50
2024-06-13 21:23:19,402 - DEBUG - Simulando con irradiancia 1000 y temperatura 45
2024-06-13 21:23:19,695 - DEBUG - Simulando con irradiancia 1000 y temperatura 50
2024-06-13 21:23:19,950 - DEBUG - Simulando con irradiancia 1000 y temperatura 55
2024-06-13 21:23:20,430 - DEBUG - Simulando con irradiancia 1000 y temperatura 55
2024-06-13 21:23:20,667 - INFO - Datos de simulación almacenados en panel_simulation_data_3.csv
