2024-06-13 20:14:02,057 - INFO - Leyendo datos del archivo JSON...
2024-06-13 20:14:02,156 - INFO - Modelos a procesar en esta ejecución: ['panel_GuodianJintechSolarEnergyJT6P_270_E', 'panel_GuodianJintechSolarEnergyJT6P_275_E', 'panel_GuodianJintechSolarEnergyJT6P_280_E', 'panel_HangzhouAmpleSunSolarTechnologyASF100', 'panel_HangzhouZhejiangUniversitySunnyEnergyScience_TechnologyZD']
2024-06-13 20:14:02,274 - INFO - Procesando panel: panel_GuodianJintechSolarEnergyJT6P_270_E
2024-06-13 20:14:02,291 - INFO - Procesando panel: panel_GuodianJintechSolarEnergyJT6P_275_E
2024-06-13 20:14:02,291 - DEBUG - Simulando con irradiancia 100 y temperatura 10
2024-06-13 20:14:02,292 - DEBUG - Simulando con irradiancia 100 y temperatura 10
2024-06-13 20:14:02,292 - INFO - Procesando panel: panel_GuodianJintechSolarEnergyJT6P_280_E
2024-06-13 20:14:02,310 - INFO - Procesando panel: panel_HangzhouAmpleSunSolarTechnologyASF100
2024-06-13 20:14:02,311 - DEBUG - Simulando con irradiancia 100 y temperatura 10
2024-06-13 20:14:02,311 - DEBUG - Simulando con irradiancia 100 y temperatura 10
2024-06-13 20:14:10,009 - DEBUG - Simulando con irradiancia 100 y temperatura 15
2024-06-13 20:14:10,147 - DEBUG - Simulando con irradiancia 100 y temperatura 15
2024-06-13 20:14:10,883 - DEBUG - Simulando con irradiancia 100 y temperatura 15
2024-06-13 20:14:12,314 - DEBUG - Simulando con irradiancia 100 y temperatura 15
2024-06-13 20:14:16,991 - DEBUG - Simulando con irradiancia 100 y temperatura 20
2024-06-13 20:14:16,991 - DEBUG - Simulando con irradiancia 100 y temperatura 20
2024-06-13 20:14:17,288 - DEBUG - Simulando con irradiancia 100 y temperatura 20
2024-06-13 20:14:17,887 - DEBUG - Simulando con irradiancia 100 y temperatura 20
2024-06-13 20:14:21,471 - DEBUG - Simulando con irradiancia 100 y temperatura 25
2024-06-13 20:14:22,655 - DEBUG - Simulando con irradiancia 100 y temperatura 25
2024-06-13 20:14:23,367 - DEBUG - Simulando con irradiancia 100 y temperatura 25
2024-06-13 20:14:23,767 - DEBUG - Simulando con irradiancia 100 y temperatura 25
2024-06-13 20:14:25,201 - DEBUG - Simulando con irradiancia 100 y temperatura 30
2024-06-13 20:14:26,464 - DEBUG - Simulando con irradiancia 100 y temperatura 30
2024-06-13 20:14:30,471 - DEBUG - Simulando con irradiancia 100 y temperatura 30
2024-06-13 20:14:32,663 - DEBUG - Simulando con irradiancia 100 y temperatura 35
2024-06-13 20:14:33,311 - DEBUG - Simulando con irradiancia 100 y temperatura 30
2024-06-13 20:14:33,447 - DEBUG - Simulando con irradiancia 100 y temperatura 35
2024-06-13 20:14:35,641 - DEBUG - Simulando con irradiancia 100 y temperatura 35
2024-06-13 20:14:37,207 - DEBUG - Simulando con irradiancia 100 y temperatura 40
2024-06-13 20:14:37,904 - DEBUG - Simulando con irradiancia 100 y temperatura 40
2024-06-13 20:14:38,550 - DEBUG - Simulando con irradiancia 100 y temperatura 35
2024-06-13 20:14:40,802 - DEBUG - Simulando con irradiancia 100 y temperatura 45
2024-06-13 20:14:41,860 - DEBUG - Simulando con irradiancia 100 y temperatura 40
2024-06-13 20:14:43,651 - DEBUG - Simulando con irradiancia 100 y temperatura 45
2024-06-13 20:14:45,022 - DEBUG - Simulando con irradiancia 100 y temperatura 40
2024-06-13 20:14:45,385 - DEBUG - Simulando con irradiancia 100 y temperatura 45
2024-06-13 20:14:48,256 - DEBUG - Simulando con irradiancia 100 y temperatura 50
2024-06-13 20:14:48,520 - DEBUG - Simulando con irradiancia 100 y temperatura 45
2024-06-13 20:14:49,150 - DEBUG - Simulando con irradiancia 100 y temperatura 50
2024-06-13 20:14:50,087 - DEBUG - Simulando con irradiancia 100 y temperatura 50
2024-06-13 20:14:52,180 - DEBUG - Simulando con irradiancia 100 y temperatura 55
2024-06-13 20:14:52,938 - DEBUG - Simulando con irradiancia 100 y temperatura 55
2024-06-13 20:14:53,821 - DEBUG - Simulando con irradiancia 100 y temperatura 50
2024-06-13 20:14:55,009 - DEBUG - Simulando con irradiancia 100 y temperatura 55
2024-06-13 20:14:56,480 - DEBUG - Simulando con irradiancia 200 y temperatura 10
2024-06-13 20:14:58,239 - DEBUG - Simulando con irradiancia 200 y temperatura 10
2024-06-13 20:14:58,939 - DEBUG - Simulando con irradiancia 200 y temperatura 10
2024-06-13 20:15:01,314 - DEBUG - Simulando con irradiancia 100 y temperatura 55
2024-06-13 20:15:02,454 - DEBUG - Simulando con irradiancia 200 y temperatura 15
2024-06-13 20:15:03,857 - DEBUG - Simulando con irradiancia 200 y temperatura 15
2024-06-13 20:15:05,466 - DEBUG - Simulando con irradiancia 200 y temperatura 15
2024-06-13 20:15:06,697 - DEBUG - Simulando con irradiancia 200 y temperatura 10
2024-06-13 20:15:09,268 - DEBUG - Simulando con irradiancia 200 y temperatura 20
2024-06-13 20:15:10,092 - DEBUG - Simulando con irradiancia 200 y temperatura 20
2024-06-13 20:15:11,469 - DEBUG - Simulando con irradiancia 200 y temperatura 20
2024-06-13 20:15:13,273 - DEBUG - Simulando con irradiancia 200 y temperatura 25
2024-06-13 20:15:13,274 - DEBUG - Simulando con irradiancia 200 y temperatura 15
2024-06-13 20:15:15,949 - DEBUG - Simulando con irradiancia 200 y temperatura 25
2024-06-13 20:15:17,132 - DEBUG - Simulando con irradiancia 200 y temperatura 25
2024-06-13 20:15:19,557 - DEBUG - Simulando con irradiancia 200 y temperatura 30
2024-06-13 20:15:19,690 - DEBUG - Simulando con irradiancia 200 y temperatura 20
2024-06-13 20:15:19,735 - DEBUG - Simulando con irradiancia 200 y temperatura 30
2024-06-13 20:15:21,741 - DEBUG - Simulando con irradiancia 200 y temperatura 35
2024-06-13 20:15:21,986 - DEBUG - Simulando con irradiancia 200 y temperatura 30
2024-06-13 20:15:25,159 - DEBUG - Simulando con irradiancia 200 y temperatura 25
2024-06-13 20:15:25,659 - DEBUG - Simulando con irradiancia 200 y temperatura 35
2024-06-13 20:15:27,218 - DEBUG - Simulando con irradiancia 200 y temperatura 35
2024-06-13 20:15:27,219 - DEBUG - Simulando con irradiancia 200 y temperatura 40
2024-06-13 20:15:30,033 - DEBUG - Simulando con irradiancia 200 y temperatura 30
2024-06-13 20:15:31,565 - DEBUG - Simulando con irradiancia 200 y temperatura 45
2024-06-13 20:15:31,681 - DEBUG - Simulando con irradiancia 200 y temperatura 40
2024-06-13 20:15:31,875 - DEBUG - Simulando con irradiancia 200 y temperatura 40
2024-06-13 20:15:32,700 - DEBUG - Simulando con irradiancia 200 y temperatura 35
2024-06-13 20:15:35,014 - DEBUG - Simulando con irradiancia 200 y temperatura 45
2024-06-13 20:15:36,233 - DEBUG - Simulando con irradiancia 200 y temperatura 40
2024-06-13 20:15:36,233 - DEBUG - Simulando con irradiancia 200 y temperatura 50
2024-06-13 20:15:37,714 - DEBUG - Simulando con irradiancia 200 y temperatura 50
2024-06-13 20:15:40,985 - DEBUG - Simulando con irradiancia 200 y temperatura 45
2024-06-13 20:15:41,225 - DEBUG - Simulando con irradiancia 200 y temperatura 55
2024-06-13 20:15:41,800 - DEBUG - Simulando con irradiancia 200 y temperatura 45
2024-06-13 20:15:43,122 - DEBUG - Simulando con irradiancia 200 y temperatura 55
2024-06-13 20:15:45,663 - DEBUG - Simulando con irradiancia 200 y temperatura 50
2024-06-13 20:15:45,880 - DEBUG - Simulando con irradiancia 300 y temperatura 10
2024-06-13 20:15:48,520 - DEBUG - Simulando con irradiancia 300 y temperatura 15
2024-06-13 20:15:49,377 - DEBUG - Simulando con irradiancia 300 y temperatura 10
2024-06-13 20:15:49,378 - DEBUG - Simulando con irradiancia 200 y temperatura 55
2024-06-13 20:15:49,378 - DEBUG - Simulando con irradiancia 200 y temperatura 50
2024-06-13 20:15:51,000 - DEBUG - Simulando con irradiancia 300 y temperatura 20
2024-06-13 20:15:51,895 - DEBUG - Simulando con irradiancia 300 y temperatura 15
2024-06-13 20:15:53,648 - DEBUG - Simulando con irradiancia 200 y temperatura 55
2024-06-13 20:15:55,759 - DEBUG - Simulando con irradiancia 300 y temperatura 25
2024-06-13 20:15:56,931 - DEBUG - Simulando con irradiancia 300 y temperatura 10
2024-06-13 20:15:58,849 - DEBUG - Simulando con irradiancia 300 y temperatura 10
2024-06-13 20:15:59,814 - DEBUG - Simulando con irradiancia 300 y temperatura 30
2024-06-13 20:15:59,814 - DEBUG - Simulando con irradiancia 300 y temperatura 20
2024-06-13 20:16:01,232 - DEBUG - Simulando con irradiancia 300 y temperatura 15
2024-06-13 20:16:04,790 - DEBUG - Simulando con irradiancia 300 y temperatura 25
2024-06-13 20:16:04,791 - DEBUG - Simulando con irradiancia 300 y temperatura 15
2024-06-13 20:16:05,100 - DEBUG - Simulando con irradiancia 300 y temperatura 20
2024-06-13 20:16:05,795 - DEBUG - Simulando con irradiancia 300 y temperatura 35
2024-06-13 20:16:07,299 - DEBUG - Simulando con irradiancia 300 y temperatura 30
2024-06-13 20:16:11,014 - DEBUG - Simulando con irradiancia 300 y temperatura 35
2024-06-13 20:16:11,148 - DEBUG - Simulando con irradiancia 300 y temperatura 40
2024-06-13 20:16:11,274 - DEBUG - Simulando con irradiancia 300 y temperatura 20
2024-06-13 20:16:11,369 - DEBUG - Simulando con irradiancia 300 y temperatura 25
2024-06-13 20:16:13,087 - DEBUG - Simulando con irradiancia 300 y temperatura 45
2024-06-13 20:16:15,628 - DEBUG - Simulando con irradiancia 300 y temperatura 25
2024-06-13 20:16:16,279 - DEBUG - Simulando con irradiancia 300 y temperatura 30
2024-06-13 20:16:17,114 - DEBUG - Simulando con irradiancia 300 y temperatura 50
2024-06-13 20:16:19,212 - DEBUG - Simulando con irradiancia 300 y temperatura 30
2024-06-13 20:16:21,133 - DEBUG - Simulando con irradiancia 300 y temperatura 55
2024-06-13 20:16:21,583 - DEBUG - Simulando con irradiancia 300 y temperatura 40
2024-06-13 20:16:23,345 - DEBUG - Simulando con irradiancia 300 y temperatura 35
2024-06-13 20:16:23,821 - DEBUG - Simulando con irradiancia 300 y temperatura 35
2024-06-13 20:16:24,990 - DEBUG - Simulando con irradiancia 300 y temperatura 40
2024-06-13 20:16:25,439 - DEBUG - Simulando con irradiancia 400 y temperatura 10
2024-06-13 20:16:28,055 - DEBUG - Simulando con irradiancia 300 y temperatura 45
2024-06-13 20:16:28,056 - DEBUG - Simulando con irradiancia 300 y temperatura 40
2024-06-13 20:16:28,873 - DEBUG - Simulando con irradiancia 300 y temperatura 45
2024-06-13 20:16:31,060 - DEBUG - Simulando con irradiancia 300 y temperatura 45
2024-06-13 20:16:32,730 - DEBUG - Simulando con irradiancia 400 y temperatura 15
2024-06-13 20:16:32,992 - DEBUG - Simulando con irradiancia 300 y temperatura 50
2024-06-13 20:16:33,316 - DEBUG - Simulando con irradiancia 300 y temperatura 50
2024-06-13 20:16:35,879 - DEBUG - Simulando con irradiancia 300 y temperatura 50
2024-06-13 20:16:36,146 - DEBUG - Simulando con irradiancia 400 y temperatura 20
2024-06-13 20:16:37,175 - DEBUG - Simulando con irradiancia 300 y temperatura 55
2024-06-13 20:16:37,910 - DEBUG - Simulando con irradiancia 300 y temperatura 55
2024-06-13 20:16:40,157 - DEBUG - Simulando con irradiancia 400 y temperatura 10
2024-06-13 20:16:41,162 - DEBUG - Simulando con irradiancia 300 y temperatura 55
2024-06-13 20:16:41,414 - DEBUG - Simulando con irradiancia 400 y temperatura 25
2024-06-13 20:16:44,921 - DEBUG - Simulando con irradiancia 400 y temperatura 15
2024-06-13 20:16:45,175 - DEBUG - Simulando con irradiancia 400 y temperatura 10
2024-06-13 20:16:46,497 - DEBUG - Simulando con irradiancia 400 y temperatura 30
2024-06-13 20:16:47,136 - DEBUG - Simulando con irradiancia 400 y temperatura 20
2024-06-13 20:16:47,151 - DEBUG - Simulando con irradiancia 400 y temperatura 10
2024-06-13 20:16:48,972 - DEBUG - Simulando con irradiancia 400 y temperatura 15
2024-06-13 20:16:51,946 - DEBUG - Simulando con irradiancia 400 y temperatura 15
2024-06-13 20:16:52,433 - DEBUG - Simulando con irradiancia 400 y temperatura 35
2024-06-13 20:16:54,369 - DEBUG - Simulando con irradiancia 400 y temperatura 40
2024-06-13 20:16:55,261 - DEBUG - Simulando con irradiancia 400 y temperatura 20
2024-06-13 20:16:55,844 - DEBUG - Simulando con irradiancia 400 y temperatura 20
2024-06-13 20:16:55,886 - DEBUG - Simulando con irradiancia 400 y temperatura 25
2024-06-13 20:16:59,949 - DEBUG - Simulando con irradiancia 400 y temperatura 25
2024-06-13 20:17:00,207 - DEBUG - Simulando con irradiancia 400 y temperatura 25
2024-06-13 20:17:01,362 - DEBUG - Simulando con irradiancia 400 y temperatura 45
2024-06-13 20:17:01,397 - DEBUG - Simulando con irradiancia 400 y temperatura 30
2024-06-13 20:17:03,274 - DEBUG - Simulando con irradiancia 400 y temperatura 30
2024-06-13 20:17:06,261 - DEBUG - Simulando con irradiancia 400 y temperatura 30
2024-06-13 20:17:06,633 - DEBUG - Simulando con irradiancia 400 y temperatura 50
2024-06-13 20:17:06,633 - DEBUG - Simulando con irradiancia 400 y temperatura 35
2024-06-13 20:17:06,634 - DEBUG - Simulando con irradiancia 400 y temperatura 35
2024-06-13 20:17:09,957 - DEBUG - Simulando con irradiancia 400 y temperatura 35
2024-06-13 20:17:10,302 - DEBUG - Simulando con irradiancia 400 y temperatura 55
2024-06-13 20:17:12,022 - DEBUG - Simulando con irradiancia 400 y temperatura 40
2024-06-13 20:17:13,874 - DEBUG - Simulando con irradiancia 400 y temperatura 40
2024-06-13 20:17:15,589 - DEBUG - Simulando con irradiancia 400 y temperatura 40
2024-06-13 20:17:15,590 - DEBUG - Simulando con irradiancia 500 y temperatura 10
2024-06-13 20:17:15,590 - DEBUG - Simulando con irradiancia 400 y temperatura 45
2024-06-13 20:17:16,543 - DEBUG - Simulando con irradiancia 400 y temperatura 45
2024-06-13 20:17:19,544 - DEBUG - Simulando con irradiancia 400 y temperatura 50
2024-06-13 20:17:20,843 - DEBUG - Simulando con irradiancia 400 y temperatura 50
2024-06-13 20:17:21,352 - DEBUG - Simulando con irradiancia 400 y temperatura 45
2024-06-13 20:17:22,708 - DEBUG - Simulando con irradiancia 500 y temperatura 15
2024-06-13 20:17:24,079 - DEBUG - Simulando con irradiancia 400 y temperatura 55
2024-06-13 20:17:25,099 - DEBUG - Simulando con irradiancia 400 y temperatura 55
2024-06-13 20:17:26,711 - DEBUG - Simulando con irradiancia 500 y temperatura 10
2024-06-13 20:17:27,250 - DEBUG - Simulando con irradiancia 500 y temperatura 20
2024-06-13 20:17:27,251 - DEBUG - Simulando con irradiancia 400 y temperatura 50
2024-06-13 20:17:29,734 - DEBUG - Simulando con irradiancia 500 y temperatura 15
2024-06-13 20:17:31,608 - DEBUG - Simulando con irradiancia 400 y temperatura 55
2024-06-13 20:17:33,199 - DEBUG - Simulando con irradiancia 500 y temperatura 20
2024-06-13 20:17:33,200 - DEBUG - Simulando con irradiancia 500 y temperatura 25
2024-06-13 20:17:33,545 - DEBUG - Simulando con irradiancia 500 y temperatura 10
2024-06-13 20:17:34,138 - DEBUG - Simulando con irradiancia 500 y temperatura 10
2024-06-13 20:17:36,139 - DEBUG - Simulando con irradiancia 500 y temperatura 25
2024-06-13 20:17:36,557 - DEBUG - Simulando con irradiancia 500 y temperatura 30
2024-06-13 20:17:37,996 - DEBUG - Simulando con irradiancia 500 y temperatura 15
2024-06-13 20:17:39,024 - DEBUG - Simulando con irradiancia 500 y temperatura 30
2024-06-13 20:17:40,532 - DEBUG - Simulando con irradiancia 500 y temperatura 15
2024-06-13 20:17:42,101 - DEBUG - Simulando con irradiancia 500 y temperatura 35
2024-06-13 20:17:44,085 - DEBUG - Simulando con irradiancia 500 y temperatura 35
2024-06-13 20:17:44,085 - DEBUG - Simulando con irradiancia 500 y temperatura 20
2024-06-13 20:17:45,935 - DEBUG - Simulando con irradiancia 500 y temperatura 40
2024-06-13 20:17:48,831 - DEBUG - Simulando con irradiancia 500 y temperatura 45
2024-06-13 20:17:48,867 - DEBUG - Simulando con irradiancia 500 y temperatura 20
2024-06-13 20:17:50,114 - DEBUG - Simulando con irradiancia 500 y temperatura 25
2024-06-13 20:17:50,115 - DEBUG - Simulando con irradiancia 500 y temperatura 40
2024-06-13 20:17:51,514 - DEBUG - Simulando con irradiancia 500 y temperatura 50
2024-06-13 20:17:53,644 - DEBUG - Simulando con irradiancia 500 y temperatura 25
2024-06-13 20:17:54,126 - DEBUG - Simulando con irradiancia 500 y temperatura 30
2024-06-13 20:17:56,555 - DEBUG - Simulando con irradiancia 500 y temperatura 35
2024-06-13 20:17:56,628 - DEBUG - Simulando con irradiancia 500 y temperatura 45
2024-06-13 20:17:57,346 - DEBUG - Simulando con irradiancia 500 y temperatura 30
2024-06-13 20:17:59,741 - DEBUG - Simulando con irradiancia 500 y temperatura 50
2024-06-13 20:18:00,267 - DEBUG - Simulando con irradiancia 500 y temperatura 55
2024-06-13 20:18:00,325 - DEBUG - Simulando con irradiancia 500 y temperatura 40
2024-06-13 20:18:02,991 - DEBUG - Simulando con irradiancia 600 y temperatura 10
2024-06-13 20:18:04,417 - DEBUG - Simulando con irradiancia 500 y temperatura 35
2024-06-13 20:18:05,556 - DEBUG - Simulando con irradiancia 500 y temperatura 45
2024-06-13 20:18:07,786 - DEBUG - Simulando con irradiancia 500 y temperatura 55
2024-06-13 20:18:08,331 - DEBUG - Simulando con irradiancia 500 y temperatura 50
2024-06-13 20:18:08,572 - DEBUG - Simulando con irradiancia 600 y temperatura 15
2024-06-13 20:18:08,903 - DEBUG - Simulando con irradiancia 500 y temperatura 40
2024-06-13 20:18:11,178 - DEBUG - Simulando con irradiancia 500 y temperatura 45
2024-06-13 20:18:12,092 - DEBUG - Simulando con irradiancia 500 y temperatura 55
2024-06-13 20:18:13,136 - DEBUG - Simulando con irradiancia 500 y temperatura 50
2024-06-13 20:18:13,575 - DEBUG - Simulando con irradiancia 600 y temperatura 10
2024-06-13 20:18:14,831 - DEBUG - Simulando con irradiancia 600 y temperatura 20
2024-06-13 20:18:15,688 - DEBUG - Simulando con irradiancia 500 y temperatura 55
2024-06-13 20:18:17,225 - DEBUG - Simulando con irradiancia 600 y temperatura 10
2024-06-13 20:18:19,092 - DEBUG - Simulando con irradiancia 600 y temperatura 15
2024-06-13 20:18:20,587 - DEBUG - Simulando con irradiancia 600 y temperatura 25
2024-06-13 20:18:20,802 - DEBUG - Simulando con irradiancia 600 y temperatura 10
2024-06-13 20:18:21,817 - DEBUG - Simulando con irradiancia 600 y temperatura 15
2024-06-13 20:18:23,372 - DEBUG - Simulando con irradiancia 600 y temperatura 30
2024-06-13 20:18:24,367 - DEBUG - Simulando con irradiancia 600 y temperatura 20
2024-06-13 20:18:26,568 - DEBUG - Simulando con irradiancia 600 y temperatura 15
2024-06-13 20:18:26,771 - DEBUG - Simulando con irradiancia 600 y temperatura 20
2024-06-13 20:18:29,191 - DEBUG - Simulando con irradiancia 600 y temperatura 20
2024-06-13 20:18:31,356 - DEBUG - Simulando con irradiancia 600 y temperatura 35
2024-06-13 20:18:32,249 - DEBUG - Simulando con irradiancia 600 y temperatura 25
2024-06-13 20:18:32,906 - DEBUG - Simulando con irradiancia 600 y temperatura 25
2024-06-13 20:18:33,710 - DEBUG - Simulando con irradiancia 600 y temperatura 25
2024-06-13 20:18:35,794 - DEBUG - Simulando con irradiancia 600 y temperatura 40
2024-06-13 20:18:37,561 - DEBUG - Simulando con irradiancia 600 y temperatura 30
2024-06-13 20:18:38,078 - DEBUG - Simulando con irradiancia 600 y temperatura 30
2024-06-13 20:18:38,614 - DEBUG - Simulando con irradiancia 600 y temperatura 30
2024-06-13 20:18:39,892 - DEBUG - Simulando con irradiancia 600 y temperatura 45
2024-06-13 20:18:41,682 - DEBUG - Simulando con irradiancia 600 y temperatura 35
2024-06-13 20:18:42,570 - DEBUG - Simulando con irradiancia 600 y temperatura 35
2024-06-13 20:18:43,091 - DEBUG - Simulando con irradiancia 600 y temperatura 35
2024-06-13 20:18:45,336 - DEBUG - Simulando con irradiancia 600 y temperatura 40
2024-06-13 20:18:45,784 - DEBUG - Simulando con irradiancia 600 y temperatura 50
2024-06-13 20:18:46,886 - DEBUG - Simulando con irradiancia 600 y temperatura 40
2024-06-13 20:18:47,940 - DEBUG - Simulando con irradiancia 600 y temperatura 40
2024-06-13 20:18:49,520 - DEBUG - Simulando con irradiancia 600 y temperatura 45
2024-06-13 20:18:51,649 - DEBUG - Simulando con irradiancia 600 y temperatura 55
2024-06-13 20:18:52,121 - DEBUG - Simulando con irradiancia 600 y temperatura 45
2024-06-13 20:18:52,891 - DEBUG - Simulando con irradiancia 600 y temperatura 45
2024-06-13 20:18:53,989 - DEBUG - Simulando con irradiancia 600 y temperatura 50
2024-06-13 20:18:55,037 - DEBUG - Simulando con irradiancia 700 y temperatura 10
2024-06-13 20:18:58,313 - DEBUG - Simulando con irradiancia 600 y temperatura 50
2024-06-13 20:18:58,341 - DEBUG - Simulando con irradiancia 600 y temperatura 50
2024-06-13 20:18:58,496 - DEBUG - Simulando con irradiancia 700 y temperatura 15
2024-06-13 20:18:58,751 - DEBUG - Simulando con irradiancia 600 y temperatura 55
2024-06-13 20:19:02,079 - DEBUG - Simulando con irradiancia 600 y temperatura 55
2024-06-13 20:19:02,710 - DEBUG - Simulando con irradiancia 600 y temperatura 55
2024-06-13 20:19:04,700 - DEBUG - Simulando con irradiancia 700 y temperatura 10
2024-06-13 20:19:04,763 - DEBUG - Simulando con irradiancia 700 y temperatura 20
2024-06-13 20:19:06,317 - DEBUG - Simulando con irradiancia 700 y temperatura 10
2024-06-13 20:19:06,992 - DEBUG - Simulando con irradiancia 700 y temperatura 10
2024-06-13 20:19:09,487 - DEBUG - Simulando con irradiancia 700 y temperatura 25
2024-06-13 20:19:11,546 - DEBUG - Simulando con irradiancia 700 y temperatura 15
2024-06-13 20:19:11,670 - DEBUG - Simulando con irradiancia 700 y temperatura 15
2024-06-13 20:19:12,172 - DEBUG - Simulando con irradiancia 700 y temperatura 15
2024-06-13 20:19:13,064 - DEBUG - Simulando con irradiancia 700 y temperatura 30
2024-06-13 20:19:16,875 - DEBUG - Simulando con irradiancia 700 y temperatura 20
2024-06-13 20:19:17,122 - DEBUG - Simulando con irradiancia 700 y temperatura 20
2024-06-13 20:19:17,123 - DEBUG - Simulando con irradiancia 700 y temperatura 20
2024-06-13 20:19:17,550 - DEBUG - Simulando con irradiancia 700 y temperatura 35
2024-06-13 20:19:20,506 - DEBUG - Simulando con irradiancia 700 y temperatura 25
2024-06-13 20:19:21,505 - DEBUG - Simulando con irradiancia 700 y temperatura 40
2024-06-13 20:19:22,929 - DEBUG - Simulando con irradiancia 700 y temperatura 25
2024-06-13 20:19:23,187 - DEBUG - Simulando con irradiancia 700 y temperatura 25
2024-06-13 20:19:25,384 - DEBUG - Simulando con irradiancia 700 y temperatura 30
2024-06-13 20:19:26,415 - DEBUG - Simulando con irradiancia 700 y temperatura 45
2024-06-13 20:19:27,706 - DEBUG - Simulando con irradiancia 700 y temperatura 30
2024-06-13 20:19:28,523 - DEBUG - Simulando con irradiancia 700 y temperatura 30
2024-06-13 20:19:30,959 - DEBUG - Simulando con irradiancia 700 y temperatura 50
2024-06-13 20:19:31,103 - DEBUG - Simulando con irradiancia 700 y temperatura 35
2024-06-13 20:19:31,953 - DEBUG - Simulando con irradiancia 700 y temperatura 35
2024-06-13 20:19:32,823 - DEBUG - Simulando con irradiancia 700 y temperatura 35
2024-06-13 20:19:34,630 - DEBUG - Simulando con irradiancia 700 y temperatura 55
2024-06-13 20:19:36,941 - DEBUG - Simulando con irradiancia 700 y temperatura 40
2024-06-13 20:19:36,942 - DEBUG - Simulando con irradiancia 700 y temperatura 40
2024-06-13 20:19:38,202 - DEBUG - Simulando con irradiancia 700 y temperatura 40
2024-06-13 20:19:39,181 - DEBUG - Simulando con irradiancia 800 y temperatura 10
2024-06-13 20:19:40,330 - DEBUG - Simulando con irradiancia 700 y temperatura 45
2024-06-13 20:19:41,396 - DEBUG - Simulando con irradiancia 700 y temperatura 45
2024-06-13 20:19:44,355 - DEBUG - Simulando con irradiancia 700 y temperatura 50
2024-06-13 20:19:44,355 - DEBUG - Simulando con irradiancia 700 y temperatura 45
2024-06-13 20:19:44,631 - DEBUG - Simulando con irradiancia 700 y temperatura 50
2024-06-13 20:19:45,231 - DEBUG - Simulando con irradiancia 800 y temperatura 15
2024-06-13 20:19:46,695 - DEBUG - Simulando con irradiancia 700 y temperatura 55
2024-06-13 20:19:48,855 - DEBUG - Simulando con irradiancia 700 y temperatura 50
2024-06-13 20:19:49,910 - DEBUG - Simulando con irradiancia 800 y temperatura 20
2024-06-13 20:19:51,312 - DEBUG - Simulando con irradiancia 800 y temperatura 10
2024-06-13 20:19:51,313 - DEBUG - Simulando con irradiancia 700 y temperatura 55
2024-06-13 20:19:52,698 - DEBUG - Simulando con irradiancia 700 y temperatura 55
2024-06-13 20:19:54,735 - DEBUG - Simulando con irradiancia 800 y temperatura 25
2024-06-13 20:19:56,218 - DEBUG - Simulando con irradiancia 800 y temperatura 15
2024-06-13 20:19:56,219 - DEBUG - Simulando con irradiancia 800 y temperatura 10
2024-06-13 20:19:57,940 - DEBUG - Simulando con irradiancia 800 y temperatura 20
2024-06-13 20:19:59,834 - DEBUG - Simulando con irradiancia 800 y temperatura 25
2024-06-13 20:20:00,581 - DEBUG - Simulando con irradiancia 800 y temperatura 10
2024-06-13 20:20:01,798 - DEBUG - Simulando con irradiancia 800 y temperatura 15
2024-06-13 20:20:03,415 - DEBUG - Simulando con irradiancia 800 y temperatura 30
2024-06-13 20:20:04,814 - DEBUG - Simulando con irradiancia 800 y temperatura 15
2024-06-13 20:20:05,381 - DEBUG - Simulando con irradiancia 800 y temperatura 20
2024-06-13 20:20:05,756 - DEBUG - Simulando con irradiancia 800 y temperatura 30
2024-06-13 20:20:07,264 - DEBUG - Simulando con irradiancia 800 y temperatura 20
2024-06-13 20:20:09,151 - DEBUG - Simulando con irradiancia 800 y temperatura 35
2024-06-13 20:20:09,584 - DEBUG - Simulando con irradiancia 800 y temperatura 25
2024-06-13 20:20:10,701 - DEBUG - Simulando con irradiancia 800 y temperatura 40
2024-06-13 20:20:12,333 - DEBUG - Simulando con irradiancia 800 y temperatura 30
2024-06-13 20:20:12,474 - DEBUG - Simulando con irradiancia 800 y temperatura 35
2024-06-13 20:20:14,957 - DEBUG - Simulando con irradiancia 800 y temperatura 45
2024-06-13 20:20:14,958 - DEBUG - Simulando con irradiancia 800 y temperatura 25
2024-06-13 20:20:17,139 - DEBUG - Simulando con irradiancia 800 y temperatura 40
2024-06-13 20:20:17,997 - DEBUG - Simulando con irradiancia 800 y temperatura 35
2024-06-13 20:20:19,278 - DEBUG - Simulando con irradiancia 800 y temperatura 30
2024-06-13 20:20:20,980 - DEBUG - Simulando con irradiancia 800 y temperatura 45
2024-06-13 20:20:22,372 - DEBUG - Simulando con irradiancia 800 y temperatura 40
2024-06-13 20:20:22,873 - DEBUG - Simulando con irradiancia 800 y temperatura 35
2024-06-13 20:20:23,068 - DEBUG - Simulando con irradiancia 800 y temperatura 50
2024-06-13 20:20:25,567 - DEBUG - Simulando con irradiancia 800 y temperatura 45
2024-06-13 20:20:25,701 - DEBUG - Simulando con irradiancia 800 y temperatura 50
2024-06-13 20:20:25,966 - DEBUG - Simulando con irradiancia 800 y temperatura 40
2024-06-13 20:20:28,078 - DEBUG - Simulando con irradiancia 800 y temperatura 55
2024-06-13 20:20:30,596 - DEBUG - Simulando con irradiancia 800 y temperatura 45
2024-06-13 20:20:32,115 - DEBUG - Simulando con irradiancia 800 y temperatura 50
2024-06-13 20:20:32,509 - DEBUG - Simulando con irradiancia 800 y temperatura 55
2024-06-13 20:20:32,509 - DEBUG - Simulando con irradiancia 800 y temperatura 50
2024-06-13 20:20:33,120 - DEBUG - Simulando con irradiancia 900 y temperatura 10
2024-06-13 20:20:34,601 - DEBUG - Simulando con irradiancia 800 y temperatura 55
2024-06-13 20:20:36,598 - DEBUG - Simulando con irradiancia 800 y temperatura 55
2024-06-13 20:20:36,598 - DEBUG - Simulando con irradiancia 900 y temperatura 10
2024-06-13 20:20:37,990 - DEBUG - Simulando con irradiancia 900 y temperatura 10
2024-06-13 20:20:39,758 - DEBUG - Simulando con irradiancia 900 y temperatura 15
2024-06-13 20:20:39,764 - DEBUG - Simulando con irradiancia 900 y temperatura 10
2024-06-13 20:20:41,114 - DEBUG - Simulando con irradiancia 900 y temperatura 15
2024-06-13 20:20:42,526 - DEBUG - Simulando con irradiancia 900 y temperatura 15
2024-06-13 20:20:43,277 - DEBUG - Simulando con irradiancia 900 y temperatura 15
2024-06-13 20:20:45,972 - DEBUG - Simulando con irradiancia 900 y temperatura 20
2024-06-13 20:20:47,499 - DEBUG - Simulando con irradiancia 900 y temperatura 25
2024-06-13 20:20:47,499 - DEBUG - Simulando con irradiancia 900 y temperatura 20
2024-06-13 20:20:49,878 - DEBUG - Simulando con irradiancia 900 y temperatura 25
2024-06-13 20:20:50,083 - DEBUG - Simulando con irradiancia 900 y temperatura 20
2024-06-13 20:20:50,726 - DEBUG - Simulando con irradiancia 900 y temperatura 30
2024-06-13 20:20:50,885 - DEBUG - Simulando con irradiancia 900 y temperatura 20
2024-06-13 20:20:53,641 - DEBUG - Simulando con irradiancia 900 y temperatura 25
2024-06-13 20:20:55,974 - DEBUG - Simulando con irradiancia 900 y temperatura 30
2024-06-13 20:20:55,974 - DEBUG - Simulando con irradiancia 900 y temperatura 35
2024-06-13 20:20:56,706 - DEBUG - Simulando con irradiancia 900 y temperatura 25
2024-06-13 20:20:56,773 - DEBUG - Simulando con irradiancia 900 y temperatura 30
2024-06-13 20:20:59,486 - DEBUG - Simulando con irradiancia 900 y temperatura 40
2024-06-13 20:20:59,620 - DEBUG - Simulando con irradiancia 900 y temperatura 35
2024-06-13 20:21:00,379 - DEBUG - Simulando con irradiancia 900 y temperatura 30
2024-06-13 20:21:01,787 - DEBUG - Simulando con irradiancia 900 y temperatura 35
2024-06-13 20:21:04,614 - DEBUG - Simulando con irradiancia 900 y temperatura 40
2024-06-13 20:21:05,889 - DEBUG - Simulando con irradiancia 900 y temperatura 40
2024-06-13 20:21:06,797 - DEBUG - Simulando con irradiancia 900 y temperatura 45
2024-06-13 20:21:08,481 - DEBUG - Simulando con irradiancia 900 y temperatura 35
2024-06-13 20:21:08,482 - DEBUG - Simulando con irradiancia 900 y temperatura 45
2024-06-13 20:21:09,146 - DEBUG - Simulando con irradiancia 900 y temperatura 50
2024-06-13 20:21:09,533 - DEBUG - Simulando con irradiancia 900 y temperatura 45
2024-06-13 20:21:12,695 - DEBUG - Simulando con irradiancia 900 y temperatura 50
2024-06-13 20:21:13,040 - DEBUG - Simulando con irradiancia 900 y temperatura 40
2024-06-13 20:21:15,801 - DEBUG - Simulando con irradiancia 900 y temperatura 50
2024-06-13 20:21:16,200 - DEBUG - Simulando con irradiancia 900 y temperatura 55
2024-06-13 20:21:16,824 - DEBUG - Simulando con irradiancia 900 y temperatura 55
2024-06-13 20:21:16,824 - DEBUG - Simulando con irradiancia 900 y temperatura 45
2024-06-13 20:21:17,912 - DEBUG - Simulando con irradiancia 900 y temperatura 55
2024-06-13 20:21:21,419 - DEBUG - Simulando con irradiancia 1000 y temperatura 10
2024-06-13 20:21:21,697 - DEBUG - Simulando con irradiancia 1000 y temperatura 10
2024-06-13 20:21:21,697 - DEBUG - Simulando con irradiancia 900 y temperatura 50
2024-06-13 20:21:22,000 - DEBUG - Simulando con irradiancia 1000 y temperatura 10
2024-06-13 20:21:25,136 - DEBUG - Simulando con irradiancia 900 y temperatura 55
2024-06-13 20:21:26,133 - DEBUG - Simulando con irradiancia 1000 y temperatura 15
2024-06-13 20:21:26,474 - DEBUG - Simulando con irradiancia 1000 y temperatura 15
2024-06-13 20:21:26,475 - DEBUG - Simulando con irradiancia 1000 y temperatura 15
2024-06-13 20:21:28,849 - DEBUG - Simulando con irradiancia 1000 y temperatura 20
2024-06-13 20:21:30,464 - DEBUG - Simulando con irradiancia 1000 y temperatura 20
2024-06-13 20:21:30,773 - DEBUG - Simulando con irradiancia 1000 y temperatura 20
2024-06-13 20:21:31,233 - DEBUG - Simulando con irradiancia 1000 y temperatura 10
2024-06-13 20:21:34,198 - DEBUG - Simulando con irradiancia 1000 y temperatura 25
2024-06-13 20:21:34,942 - DEBUG - Simulando con irradiancia 1000 y temperatura 25
2024-06-13 20:21:34,942 - DEBUG - Simulando con irradiancia 1000 y temperatura 25
2024-06-13 20:21:36,349 - DEBUG - Simulando con irradiancia 1000 y temperatura 15
2024-06-13 20:21:37,888 - DEBUG - Simulando con irradiancia 1000 y temperatura 30
2024-06-13 20:21:39,271 - DEBUG - Simulando con irradiancia 1000 y temperatura 30
2024-06-13 20:21:39,271 - DEBUG - Simulando con irradiancia 1000 y temperatura 30
2024-06-13 20:21:40,231 - DEBUG - Simulando con irradiancia 1000 y temperatura 20
2024-06-13 20:21:43,193 - DEBUG - Simulando con irradiancia 1000 y temperatura 35
2024-06-13 20:21:43,640 - DEBUG - Simulando con irradiancia 1000 y temperatura 25
2024-06-13 20:21:44,019 - DEBUG - Simulando con irradiancia 1000 y temperatura 35
2024-06-13 20:21:45,359 - DEBUG - Simulando con irradiancia 1000 y temperatura 35
2024-06-13 20:21:47,644 - DEBUG - Simulando con irradiancia 1000 y temperatura 30
2024-06-13 20:21:48,668 - DEBUG - Simulando con irradiancia 1000 y temperatura 40
2024-06-13 20:21:49,861 - DEBUG - Simulando con irradiancia 1000 y temperatura 45
2024-06-13 20:21:51,929 - DEBUG - Simulando con irradiancia 1000 y temperatura 50
2024-06-13 20:21:52,037 - DEBUG - Simulando con irradiancia 1000 y temperatura 40
2024-06-13 20:21:52,091 - DEBUG - Simulando con irradiancia 1000 y temperatura 40
2024-06-13 20:21:52,313 - DEBUG - Simulando con irradiancia 1000 y temperatura 35
2024-06-13 20:21:53,449 - DEBUG - Simulando con irradiancia 1000 y temperatura 55
2024-06-13 20:21:55,004 - DEBUG - Simulando con irradiancia 1000 y temperatura 45
2024-06-13 20:21:56,693 - DEBUG - Simulando con irradiancia 1000 y temperatura 45
2024-06-13 20:21:58,228 - DEBUG - Simulando con irradiancia 1000 y temperatura 40
2024-06-13 20:21:58,405 - INFO - Procesando panel: panel_HangzhouZhejiangUniversitySunnyEnergyScience_TechnologyZD
2024-06-13 20:21:58,520 - DEBUG - Simulando con irradiancia 1000 y temperatura 50
2024-06-13 20:21:58,699 - DEBUG - Simulando con irradiancia 100 y temperatura 10
2024-06-13 20:22:01,540 - DEBUG - Simulando con irradiancia 1000 y temperatura 45
2024-06-13 20:22:01,595 - DEBUG - Simulando con irradiancia 100 y temperatura 15
2024-06-13 20:22:02,382 - DEBUG - Simulando con irradiancia 1000 y temperatura 50
2024-06-13 20:22:03,214 - DEBUG - Simulando con irradiancia 1000 y temperatura 55
2024-06-13 20:22:05,612 - DEBUG - Simulando con irradiancia 100 y temperatura 20
2024-06-13 20:22:07,386 - DEBUG - Simulando con irradiancia 1000 y temperatura 55
2024-06-13 20:22:08,346 - DEBUG - Simulando con irradiancia 100 y temperatura 25
2024-06-13 20:22:08,622 - DEBUG - Simulando con irradiancia 1000 y temperatura 50
2024-06-13 20:22:10,563 - DEBUG - Simulando con irradiancia 100 y temperatura 30
2024-06-13 20:22:11,783 - DEBUG - Simulando con irradiancia 1000 y temperatura 55
2024-06-13 20:22:13,355 - DEBUG - Simulando con irradiancia 100 y temperatura 35
2024-06-13 20:22:14,679 - DEBUG - Simulando con irradiancia 100 y temperatura 40
2024-06-13 20:22:15,798 - DEBUG - Simulando con irradiancia 100 y temperatura 45
2024-06-13 20:22:16,922 - DEBUG - Simulando con irradiancia 100 y temperatura 50
2024-06-13 20:22:18,037 - DEBUG - Simulando con irradiancia 100 y temperatura 55
2024-06-13 20:22:19,158 - DEBUG - Simulando con irradiancia 200 y temperatura 10
2024-06-13 20:22:20,324 - DEBUG - Simulando con irradiancia 200 y temperatura 15
2024-06-13 20:22:21,477 - DEBUG - Simulando con irradiancia 200 y temperatura 20
2024-06-13 20:22:22,614 - DEBUG - Simulando con irradiancia 200 y temperatura 25
2024-06-13 20:22:23,717 - DEBUG - Simulando con irradiancia 200 y temperatura 30
2024-06-13 20:22:24,814 - DEBUG - Simulando con irradiancia 200 y temperatura 35
2024-06-13 20:22:25,919 - DEBUG - Simulando con irradiancia 200 y temperatura 40
2024-06-13 20:22:27,049 - DEBUG - Simulando con irradiancia 200 y temperatura 45
2024-06-13 20:22:28,112 - DEBUG - Simulando con irradiancia 200 y temperatura 50
2024-06-13 20:22:29,194 - DEBUG - Simulando con irradiancia 200 y temperatura 55
2024-06-13 20:22:30,240 - DEBUG - Simulando con irradiancia 300 y temperatura 10
2024-06-13 20:22:31,368 - DEBUG - Simulando con irradiancia 300 y temperatura 15
2024-06-13 20:22:32,492 - DEBUG - Simulando con irradiancia 300 y temperatura 20
2024-06-13 20:22:33,588 - DEBUG - Simulando con irradiancia 300 y temperatura 25
2024-06-13 20:22:34,674 - DEBUG - Simulando con irradiancia 300 y temperatura 30
2024-06-13 20:22:35,752 - DEBUG - Simulando con irradiancia 300 y temperatura 35
2024-06-13 20:22:36,819 - DEBUG - Simulando con irradiancia 300 y temperatura 40
2024-06-13 20:22:37,881 - DEBUG - Simulando con irradiancia 300 y temperatura 45
2024-06-13 20:22:38,936 - DEBUG - Simulando con irradiancia 300 y temperatura 50
2024-06-13 20:22:39,983 - DEBUG - Simulando con irradiancia 300 y temperatura 55
2024-06-13 20:22:41,024 - DEBUG - Simulando con irradiancia 400 y temperatura 10
2024-06-13 20:22:42,140 - DEBUG - Simulando con irradiancia 400 y temperatura 15
2024-06-13 20:22:43,246 - DEBUG - Simulando con irradiancia 400 y temperatura 20
2024-06-13 20:22:44,334 - DEBUG - Simulando con irradiancia 400 y temperatura 25
2024-06-13 20:22:45,413 - DEBUG - Simulando con irradiancia 400 y temperatura 30
2024-06-13 20:22:46,489 - DEBUG - Simulando con irradiancia 400 y temperatura 35
2024-06-13 20:22:47,551 - DEBUG - Simulando con irradiancia 400 y temperatura 40
2024-06-13 20:22:48,603 - DEBUG - Simulando con irradiancia 400 y temperatura 45
2024-06-13 20:22:49,654 - DEBUG - Simulando con irradiancia 400 y temperatura 50
2024-06-13 20:22:50,692 - DEBUG - Simulando con irradiancia 400 y temperatura 55
2024-06-13 20:22:51,728 - DEBUG - Simulando con irradiancia 500 y temperatura 10
2024-06-13 20:22:52,835 - DEBUG - Simulando con irradiancia 500 y temperatura 15
2024-06-13 20:22:53,929 - DEBUG - Simulando con irradiancia 500 y temperatura 20
2024-06-13 20:22:55,012 - DEBUG - Simulando con irradiancia 500 y temperatura 25
2024-06-13 20:22:56,086 - DEBUG - Simulando con irradiancia 500 y temperatura 30
2024-06-13 20:22:57,148 - DEBUG - Simulando con irradiancia 500 y temperatura 35
2024-06-13 20:22:58,198 - DEBUG - Simulando con irradiancia 500 y temperatura 40
2024-06-13 20:22:59,244 - DEBUG - Simulando con irradiancia 500 y temperatura 45
2024-06-13 20:23:00,282 - DEBUG - Simulando con irradiancia 500 y temperatura 50
2024-06-13 20:23:01,315 - DEBUG - Simulando con irradiancia 500 y temperatura 55
2024-06-13 20:23:02,377 - DEBUG - Simulando con irradiancia 600 y temperatura 10
2024-06-13 20:23:03,502 - DEBUG - Simulando con irradiancia 600 y temperatura 15
2024-06-13 20:23:04,591 - DEBUG - Simulando con irradiancia 600 y temperatura 20
2024-06-13 20:23:05,666 - DEBUG - Simulando con irradiancia 600 y temperatura 25
2024-06-13 20:23:06,748 - DEBUG - Simulando con irradiancia 600 y temperatura 30
2024-06-13 20:23:07,810 - DEBUG - Simulando con irradiancia 600 y temperatura 35
2024-06-13 20:23:08,855 - DEBUG - Simulando con irradiancia 600 y temperatura 40
2024-06-13 20:23:09,912 - DEBUG - Simulando con irradiancia 600 y temperatura 45
2024-06-13 20:23:10,942 - DEBUG - Simulando con irradiancia 600 y temperatura 50
2024-06-13 20:23:11,967 - DEBUG - Simulando con irradiancia 600 y temperatura 55
2024-06-13 20:23:12,993 - DEBUG - Simulando con irradiancia 700 y temperatura 10
2024-06-13 20:23:14,085 - DEBUG - Simulando con irradiancia 700 y temperatura 15
2024-06-13 20:23:15,165 - DEBUG - Simulando con irradiancia 700 y temperatura 20
2024-06-13 20:23:16,233 - DEBUG - Simulando con irradiancia 700 y temperatura 25
2024-06-13 20:23:17,292 - DEBUG - Simulando con irradiancia 700 y temperatura 30
2024-06-13 20:23:18,341 - DEBUG - Simulando con irradiancia 700 y temperatura 35
2024-06-13 20:23:19,383 - DEBUG - Simulando con irradiancia 700 y temperatura 40
2024-06-13 20:23:20,415 - DEBUG - Simulando con irradiancia 700 y temperatura 45
2024-06-13 20:23:21,443 - DEBUG - Simulando con irradiancia 700 y temperatura 50
2024-06-13 20:23:22,464 - DEBUG - Simulando con irradiancia 700 y temperatura 55
2024-06-13 20:23:23,500 - DEBUG - Simulando con irradiancia 800 y temperatura 10
2024-06-13 20:23:24,623 - DEBUG - Simulando con irradiancia 800 y temperatura 15
2024-06-13 20:23:25,694 - DEBUG - Simulando con irradiancia 800 y temperatura 20
2024-06-13 20:23:26,753 - DEBUG - Simulando con irradiancia 800 y temperatura 25
2024-06-13 20:23:27,800 - DEBUG - Simulando con irradiancia 800 y temperatura 30
2024-06-13 20:23:28,838 - DEBUG - Simulando con irradiancia 800 y temperatura 35
2024-06-13 20:23:29,863 - DEBUG - Simulando con irradiancia 800 y temperatura 40
2024-06-13 20:23:30,880 - DEBUG - Simulando con irradiancia 800 y temperatura 45
2024-06-13 20:23:31,895 - DEBUG - Simulando con irradiancia 800 y temperatura 50
2024-06-13 20:23:32,904 - DEBUG - Simulando con irradiancia 800 y temperatura 55
2024-06-13 20:23:33,908 - DEBUG - Simulando con irradiancia 900 y temperatura 10
2024-06-13 20:23:34,979 - DEBUG - Simulando con irradiancia 900 y temperatura 15
2024-06-13 20:23:36,036 - DEBUG - Simulando con irradiancia 900 y temperatura 20
2024-06-13 20:23:37,079 - DEBUG - Simulando con irradiancia 900 y temperatura 25
2024-06-13 20:23:38,117 - DEBUG - Simulando con irradiancia 900 y temperatura 30
2024-06-13 20:23:39,144 - DEBUG - Simulando con irradiancia 900 y temperatura 35
2024-06-13 20:23:40,188 - DEBUG - Simulando con irradiancia 900 y temperatura 40
2024-06-13 20:23:41,192 - DEBUG - Simulando con irradiancia 900 y temperatura 45
2024-06-13 20:23:42,191 - DEBUG - Simulando con irradiancia 900 y temperatura 50
2024-06-13 20:23:43,184 - DEBUG - Simulando con irradiancia 900 y temperatura 55
2024-06-13 20:23:44,199 - DEBUG - Simulando con irradiancia 1000 y temperatura 10
2024-06-13 20:23:45,244 - DEBUG - Simulando con irradiancia 1000 y temperatura 15
2024-06-13 20:23:46,273 - DEBUG - Simulando con irradiancia 1000 y temperatura 20
2024-06-13 20:23:47,287 - DEBUG - Simulando con irradiancia 1000 y temperatura 25
2024-06-13 20:23:48,294 - DEBUG - Simulando con irradiancia 1000 y temperatura 30
2024-06-13 20:23:49,284 - DEBUG - Simulando con irradiancia 1000 y temperatura 35
2024-06-13 20:23:50,268 - DEBUG - Simulando con irradiancia 1000 y temperatura 40
2024-06-13 20:23:51,237 - DEBUG - Simulando con irradiancia 1000 y temperatura 45
2024-06-13 20:23:52,198 - DEBUG - Simulando con irradiancia 1000 y temperatura 50
2024-06-13 20:23:53,153 - DEBUG - Simulando con irradiancia 1000 y temperatura 55
2024-06-13 20:23:54,275 - INFO - Datos de simulación almacenados en panel_simulation_data.csv
2024-06-13 20:26:47,805 - INFO - Leyendo datos del archivo JSON...
2024-06-13 20:26:47,934 - INFO - Modelos a procesar en esta ejecución: ['panel_HansolTechnicsCo__LtdHS238SB_A', 'panel_HansolTechnicsCo__LtdHS238SB_A06', 'panel_HansolTechnicsCo__LtdHS240ME_V01', 'panel_HansolTechnicsCo__LtdHS240SB_A', 'panel_HansolTechnicsCo__LtdHS240SB_A06']
2024-06-13 20:26:48,022 - INFO - Procesando panel: panel_HansolTechnicsCo__LtdHS238SB_A
2024-06-13 20:26:48,023 - DEBUG - Simulando con irradiancia 100 y temperatura 10
2024-06-13 20:26:48,062 - INFO - Procesando panel: panel_HansolTechnicsCo__LtdHS238SB_A06
2024-06-13 20:26:48,110 - DEBUG - Simulando con irradiancia 100 y temperatura 10
2024-06-13 20:26:48,148 - INFO - Procesando panel: panel_HansolTechnicsCo__LtdHS240ME_V01
2024-06-13 20:26:48,212 - DEBUG - Simulando con irradiancia 100 y temperatura 10
2024-06-13 20:26:48,225 - INFO - Procesando panel: panel_HansolTechnicsCo__LtdHS240SB_A
2024-06-13 20:26:48,389 - DEBUG - Simulando con irradiancia 100 y temperatura 10
2024-06-13 20:26:51,558 - DEBUG - Simulando con irradiancia 100 y temperatura 15
2024-06-13 20:26:52,010 - DEBUG - Simulando con irradiancia 100 y temperatura 15
2024-06-13 20:26:52,974 - DEBUG - Simulando con irradiancia 100 y temperatura 15
2024-06-13 20:26:54,296 - DEBUG - Simulando con irradiancia 100 y temperatura 20
2024-06-13 20:26:54,439 - DEBUG - Simulando con irradiancia 100 y temperatura 15
2024-06-13 20:26:56,905 - DEBUG - Simulando con irradiancia 100 y temperatura 20
2024-06-13 20:26:57,149 - DEBUG - Simulando con irradiancia 100 y temperatura 20
2024-06-13 20:26:59,712 - DEBUG - Simulando con irradiancia 100 y temperatura 25
2024-06-13 20:27:00,326 - DEBUG - Simulando con irradiancia 100 y temperatura 25
2024-06-13 20:27:03,507 - DEBUG - Simulando con irradiancia 100 y temperatura 20
2024-06-13 20:27:03,951 - DEBUG - Simulando con irradiancia 100 y temperatura 25
2024-06-13 20:27:04,618 - DEBUG - Simulando con irradiancia 100 y temperatura 30
2024-06-13 20:27:05,926 - DEBUG - Simulando con irradiancia 100 y temperatura 30
2024-06-13 20:27:07,745 - DEBUG - Simulando con irradiancia 100 y temperatura 35
2024-06-13 20:27:08,277 - DEBUG - Simulando con irradiancia 100 y temperatura 30
2024-06-13 20:27:08,373 - DEBUG - Simulando con irradiancia 100 y temperatura 25
2024-06-13 20:27:11,038 - DEBUG - Simulando con irradiancia 100 y temperatura 40
2024-06-13 20:27:11,386 - DEBUG - Simulando con irradiancia 100 y temperatura 35
2024-06-13 20:27:12,201 - DEBUG - Simulando con irradiancia 100 y temperatura 35
2024-06-13 20:27:16,028 - DEBUG - Simulando con irradiancia 100 y temperatura 40
2024-06-13 20:27:16,146 - DEBUG - Simulando con irradiancia 100 y temperatura 40
2024-06-13 20:27:16,170 - DEBUG - Simulando con irradiancia 100 y temperatura 30
2024-06-13 20:27:17,979 - DEBUG - Simulando con irradiancia 100 y temperatura 45
2024-06-13 20:27:19,190 - DEBUG - Simulando con irradiancia 100 y temperatura 45
2024-06-13 20:27:20,065 - DEBUG - Simulando con irradiancia 100 y temperatura 45
2024-06-13 20:27:21,423 - DEBUG - Simulando con irradiancia 100 y temperatura 50
2024-06-13 20:27:24,335 - DEBUG - Simulando con irradiancia 100 y temperatura 50
2024-06-13 20:27:24,576 - DEBUG - Simulando con irradiancia 100 y temperatura 55
2024-06-13 20:27:24,658 - DEBUG - Simulando con irradiancia 100 y temperatura 50
2024-06-13 20:27:24,989 - DEBUG - Simulando con irradiancia 100 y temperatura 35
2024-06-13 20:27:27,899 - DEBUG - Simulando con irradiancia 100 y temperatura 40
2024-06-13 20:27:27,900 - DEBUG - Simulando con irradiancia 100 y temperatura 55
2024-06-13 20:27:31,042 - DEBUG - Simulando con irradiancia 200 y temperatura 10
2024-06-13 20:27:31,426 - DEBUG - Simulando con irradiancia 200 y temperatura 10
2024-06-13 20:27:31,833 - DEBUG - Simulando con irradiancia 100 y temperatura 45
2024-06-13 20:27:32,136 - DEBUG - Simulando con irradiancia 100 y temperatura 55
2024-06-13 20:27:34,770 - DEBUG - Simulando con irradiancia 200 y temperatura 15
2024-06-13 20:27:35,349 - DEBUG - Simulando con irradiancia 100 y temperatura 50
2024-06-13 20:27:37,228 - DEBUG - Simulando con irradiancia 200 y temperatura 20
2024-06-13 20:27:38,763 - DEBUG - Simulando con irradiancia 200 y temperatura 15
2024-06-13 20:27:39,465 - DEBUG - Simulando con irradiancia 100 y temperatura 55
2024-06-13 20:27:40,539 - DEBUG - Simulando con irradiancia 200 y temperatura 25
2024-06-13 20:27:40,539 - DEBUG - Simulando con irradiancia 200 y temperatura 10
2024-06-13 20:27:41,797 - DEBUG - Simulando con irradiancia 200 y temperatura 20
2024-06-13 20:27:42,775 - DEBUG - Simulando con irradiancia 200 y temperatura 10
2024-06-13 20:27:46,345 - DEBUG - Simulando con irradiancia 200 y temperatura 15
2024-06-13 20:27:46,345 - DEBUG - Simulando con irradiancia 200 y temperatura 30
2024-06-13 20:27:46,671 - DEBUG - Simulando con irradiancia 200 y temperatura 15
2024-06-13 20:27:48,915 - DEBUG - Simulando con irradiancia 200 y temperatura 25
2024-06-13 20:27:49,902 - DEBUG - Simulando con irradiancia 200 y temperatura 35
2024-06-13 20:27:51,674 - DEBUG - Simulando con irradiancia 200 y temperatura 30
2024-06-13 20:27:53,318 - DEBUG - Simulando con irradiancia 200 y temperatura 20
2024-06-13 20:27:53,590 - DEBUG - Simulando con irradiancia 200 y temperatura 20
2024-06-13 20:27:53,787 - DEBUG - Simulando con irradiancia 200 y temperatura 40
2024-06-13 20:27:54,705 - DEBUG - Simulando con irradiancia 200 y temperatura 35
2024-06-13 20:27:55,668 - DEBUG - Simulando con irradiancia 200 y temperatura 25
2024-06-13 20:27:58,100 - DEBUG - Simulando con irradiancia 200 y temperatura 45
2024-06-13 20:28:00,138 - DEBUG - Simulando con irradiancia 200 y temperatura 25
2024-06-13 20:28:01,120 - DEBUG - Simulando con irradiancia 200 y temperatura 30
2024-06-13 20:28:01,625 - DEBUG - Simulando con irradiancia 200 y temperatura 40
2024-06-13 20:28:02,838 - DEBUG - Simulando con irradiancia 200 y temperatura 50
2024-06-13 20:28:04,259 - DEBUG - Simulando con irradiancia 200 y temperatura 45
2024-06-13 20:28:06,315 - DEBUG - Simulando con irradiancia 200 y temperatura 30
2024-06-13 20:28:06,835 - DEBUG - Simulando con irradiancia 200 y temperatura 35
2024-06-13 20:28:08,606 - DEBUG - Simulando con irradiancia 200 y temperatura 55
2024-06-13 20:28:08,805 - DEBUG - Simulando con irradiancia 200 y temperatura 50
2024-06-13 20:28:09,030 - DEBUG - Simulando con irradiancia 200 y temperatura 35
2024-06-13 20:28:11,054 - DEBUG - Simulando con irradiancia 300 y temperatura 10
2024-06-13 20:28:11,687 - DEBUG - Simulando con irradiancia 200 y temperatura 40
2024-06-13 20:28:11,999 - DEBUG - Simulando con irradiancia 200 y temperatura 55
2024-06-13 20:28:14,923 - DEBUG - Simulando con irradiancia 300 y temperatura 15
2024-06-13 20:28:14,923 - DEBUG - Simulando con irradiancia 200 y temperatura 40
2024-06-13 20:28:17,500 - DEBUG - Simulando con irradiancia 300 y temperatura 10
2024-06-13 20:28:18,576 - DEBUG - Simulando con irradiancia 200 y temperatura 45
2024-06-13 20:28:19,312 - DEBUG - Simulando con irradiancia 300 y temperatura 20
2024-06-13 20:28:20,147 - DEBUG - Simulando con irradiancia 300 y temperatura 15
2024-06-13 20:28:22,551 - DEBUG - Simulando con irradiancia 200 y temperatura 45
2024-06-13 20:28:23,312 - DEBUG - Simulando con irradiancia 300 y temperatura 25
2024-06-13 20:28:24,101 - DEBUG - Simulando con irradiancia 300 y temperatura 20
2024-06-13 20:28:26,218 - DEBUG - Simulando con irradiancia 300 y temperatura 30
2024-06-13 20:28:26,565 - DEBUG - Simulando con irradiancia 200 y temperatura 50
2024-06-13 20:28:27,788 - DEBUG - Simulando con irradiancia 300 y temperatura 25
2024-06-13 20:28:28,019 - DEBUG - Simulando con irradiancia 300 y temperatura 35
2024-06-13 20:28:28,535 - DEBUG - Simulando con irradiancia 200 y temperatura 50
2024-06-13 20:28:30,432 - DEBUG - Simulando con irradiancia 200 y temperatura 55
2024-06-13 20:28:31,008 - DEBUG - Simulando con irradiancia 300 y temperatura 30
2024-06-13 20:28:32,998 - DEBUG - Simulando con irradiancia 300 y temperatura 10
2024-06-13 20:28:34,480 - DEBUG - Simulando con irradiancia 300 y temperatura 40
2024-06-13 20:28:34,904 - DEBUG - Simulando con irradiancia 200 y temperatura 55
2024-06-13 20:28:38,048 - DEBUG - Simulando con irradiancia 300 y temperatura 35
2024-06-13 20:28:39,048 - DEBUG - Simulando con irradiancia 300 y temperatura 15
2024-06-13 20:28:39,049 - DEBUG - Simulando con irradiancia 300 y temperatura 45
2024-06-13 20:28:40,836 - DEBUG - Simulando con irradiancia 300 y temperatura 10
2024-06-13 20:28:40,851 - DEBUG - Simulando con irradiancia 300 y temperatura 40
2024-06-13 20:28:43,114 - DEBUG - Simulando con irradiancia 300 y temperatura 15
2024-06-13 20:28:44,034 - DEBUG - Simulando con irradiancia 300 y temperatura 50
2024-06-13 20:28:45,237 - DEBUG - Simulando con irradiancia 300 y temperatura 20
2024-06-13 20:28:45,721 - DEBUG - Simulando con irradiancia 300 y temperatura 20
2024-06-13 20:28:46,863 - DEBUG - Simulando con irradiancia 300 y temperatura 55
2024-06-13 20:28:48,653 - DEBUG - Simulando con irradiancia 300 y temperatura 45
2024-06-13 20:28:48,866 - DEBUG - Simulando con irradiancia 400 y temperatura 10
2024-06-13 20:28:50,655 - DEBUG - Simulando con irradiancia 300 y temperatura 25
2024-06-13 20:28:51,678 - DEBUG - Simulando con irradiancia 300 y temperatura 25
2024-06-13 20:28:53,447 - DEBUG - Simulando con irradiancia 300 y temperatura 30
2024-06-13 20:28:54,564 - DEBUG - Simulando con irradiancia 300 y temperatura 50
2024-06-13 20:28:55,818 - DEBUG - Simulando con irradiancia 300 y temperatura 30
2024-06-13 20:28:55,818 - DEBUG - Simulando con irradiancia 400 y temperatura 15
2024-06-13 20:28:58,123 - DEBUG - Simulando con irradiancia 300 y temperatura 35
2024-06-13 20:28:58,218 - DEBUG - Simulando con irradiancia 300 y temperatura 35
2024-06-13 20:28:59,407 - DEBUG - Simulando con irradiancia 400 y temperatura 20
2024-06-13 20:29:00,943 - DEBUG - Simulando con irradiancia 300 y temperatura 40
2024-06-13 20:29:03,470 - DEBUG - Simulando con irradiancia 300 y temperatura 55
2024-06-13 20:29:03,471 - DEBUG - Simulando con irradiancia 300 y temperatura 40
2024-06-13 20:29:05,717 - DEBUG - Simulando con irradiancia 300 y temperatura 45
2024-06-13 20:29:06,830 - DEBUG - Simulando con irradiancia 300 y temperatura 45
2024-06-13 20:29:06,832 - DEBUG - Simulando con irradiancia 400 y temperatura 10
2024-06-13 20:29:07,534 - DEBUG - Simulando con irradiancia 400 y temperatura 25
2024-06-13 20:29:10,151 - DEBUG - Simulando con irradiancia 300 y temperatura 50
2024-06-13 20:29:11,775 - DEBUG - Simulando con irradiancia 400 y temperatura 30
2024-06-13 20:29:12,982 - DEBUG - Simulando con irradiancia 300 y temperatura 50
2024-06-13 20:29:13,420 - DEBUG - Simulando con irradiancia 300 y temperatura 55
2024-06-13 20:29:13,420 - DEBUG - Simulando con irradiancia 400 y temperatura 15
2024-06-13 20:29:16,190 - DEBUG - Simulando con irradiancia 300 y temperatura 55
2024-06-13 20:29:16,559 - DEBUG - Simulando con irradiancia 400 y temperatura 35
2024-06-13 20:29:19,136 - DEBUG - Simulando con irradiancia 400 y temperatura 20
2024-06-13 20:29:19,987 - DEBUG - Simulando con irradiancia 400 y temperatura 40
2024-06-13 20:29:20,312 - DEBUG - Simulando con irradiancia 400 y temperatura 10
2024-06-13 20:29:21,532 - DEBUG - Simulando con irradiancia 400 y temperatura 10
2024-06-13 20:29:24,123 - DEBUG - Simulando con irradiancia 400 y temperatura 45
2024-06-13 20:29:24,124 - DEBUG - Simulando con irradiancia 400 y temperatura 25
2024-06-13 20:29:25,809 - DEBUG - Simulando con irradiancia 400 y temperatura 15
2024-06-13 20:29:28,033 - DEBUG - Simulando con irradiancia 400 y temperatura 20
2024-06-13 20:29:28,033 - DEBUG - Simulando con irradiancia 400 y temperatura 15
2024-06-13 20:29:28,157 - DEBUG - Simulando con irradiancia 400 y temperatura 50
2024-06-13 20:29:31,082 - DEBUG - Simulando con irradiancia 400 y temperatura 30
2024-06-13 20:29:31,549 - DEBUG - Simulando con irradiancia 400 y temperatura 20
2024-06-13 20:29:34,050 - DEBUG - Simulando con irradiancia 400 y temperatura 35
2024-06-13 20:29:34,825 - DEBUG - Simulando con irradiancia 400 y temperatura 25
2024-06-13 20:29:35,273 - DEBUG - Simulando con irradiancia 400 y temperatura 55
2024-06-13 20:29:36,937 - DEBUG - Simulando con irradiancia 400 y temperatura 25
2024-06-13 20:29:36,937 - DEBUG - Simulando con irradiancia 400 y temperatura 40
2024-06-13 20:29:37,179 - DEBUG - Simulando con irradiancia 400 y temperatura 30
2024-06-13 20:29:39,028 - DEBUG - Simulando con irradiancia 500 y temperatura 10
2024-06-13 20:29:39,538 - DEBUG - Simulando con irradiancia 400 y temperatura 30
2024-06-13 20:29:40,913 - DEBUG - Simulando con irradiancia 400 y temperatura 45
2024-06-13 20:29:42,212 - DEBUG - Simulando con irradiancia 400 y temperatura 35
2024-06-13 20:29:42,958 - DEBUG - Simulando con irradiancia 500 y temperatura 15
2024-06-13 20:29:44,127 - DEBUG - Simulando con irradiancia 400 y temperatura 35
2024-06-13 20:29:45,258 - DEBUG - Simulando con irradiancia 400 y temperatura 50
2024-06-13 20:29:47,088 - DEBUG - Simulando con irradiancia 500 y temperatura 20
2024-06-13 20:29:50,244 - DEBUG - Simulando con irradiancia 500 y temperatura 25
2024-06-13 20:29:50,767 - DEBUG - Simulando con irradiancia 400 y temperatura 55
2024-06-13 20:29:51,080 - DEBUG - Simulando con irradiancia 400 y temperatura 40
2024-06-13 20:29:54,325 - DEBUG - Simulando con irradiancia 500 y temperatura 30
2024-06-13 20:29:54,436 - DEBUG - Simulando con irradiancia 500 y temperatura 10
2024-06-13 20:29:54,594 - DEBUG - Simulando con irradiancia 400 y temperatura 40
2024-06-13 20:29:55,660 - DEBUG - Simulando con irradiancia 400 y temperatura 45
2024-06-13 20:29:57,327 - DEBUG - Simulando con irradiancia 500 y temperatura 15
2024-06-13 20:29:58,475 - DEBUG - Simulando con irradiancia 400 y temperatura 50
2024-06-13 20:29:59,391 - DEBUG - Simulando con irradiancia 500 y temperatura 35
2024-06-13 20:30:00,217 - DEBUG - Simulando con irradiancia 400 y temperatura 45
2024-06-13 20:30:03,084 - DEBUG - Simulando con irradiancia 500 y temperatura 20
2024-06-13 20:30:03,269 - DEBUG - Simulando con irradiancia 400 y temperatura 50
2024-06-13 20:30:04,192 - DEBUG - Simulando con irradiancia 400 y temperatura 55
2024-06-13 20:30:06,807 - DEBUG - Simulando con irradiancia 400 y temperatura 55
2024-06-13 20:30:06,984 - DEBUG - Simulando con irradiancia 500 y temperatura 25
2024-06-13 20:30:07,303 - DEBUG - Simulando con irradiancia 500 y temperatura 10
2024-06-13 20:30:08,147 - DEBUG - Simulando con irradiancia 500 y temperatura 40
2024-06-13 20:30:08,353 - DEBUG - Simulando con irradiancia 500 y temperatura 10
2024-06-13 20:30:11,921 - DEBUG - Simulando con irradiancia 500 y temperatura 15
2024-06-13 20:30:13,162 - DEBUG - Simulando con irradiancia 500 y temperatura 15
2024-06-13 20:30:13,689 - DEBUG - Simulando con irradiancia 500 y temperatura 45
2024-06-13 20:30:14,152 - DEBUG - Simulando con irradiancia 500 y temperatura 30
2024-06-13 20:30:14,338 - DEBUG - Simulando con irradiancia 500 y temperatura 20
2024-06-13 20:30:15,940 - DEBUG - Simulando con irradiancia 500 y temperatura 20
2024-06-13 20:30:16,883 - DEBUG - Simulando con irradiancia 500 y temperatura 50
2024-06-13 20:30:18,944 - DEBUG - Simulando con irradiancia 500 y temperatura 35
2024-06-13 20:30:19,248 - DEBUG - Simulando con irradiancia 500 y temperatura 25
2024-06-13 20:30:20,904 - DEBUG - Simulando con irradiancia 500 y temperatura 25
2024-06-13 20:30:21,934 - DEBUG - Simulando con irradiancia 500 y temperatura 55
2024-06-13 20:30:22,852 - DEBUG - Simulando con irradiancia 500 y temperatura 40
2024-06-13 20:30:23,569 - DEBUG - Simulando con irradiancia 500 y temperatura 30
2024-06-13 20:30:26,916 - DEBUG - Simulando con irradiancia 600 y temperatura 10
2024-06-13 20:30:27,805 - DEBUG - Simulando con irradiancia 500 y temperatura 30
2024-06-13 20:30:28,328 - DEBUG - Simulando con irradiancia 500 y temperatura 35
2024-06-13 20:30:29,465 - DEBUG - Simulando con irradiancia 600 y temperatura 15
2024-06-13 20:30:31,419 - DEBUG - Simulando con irradiancia 500 y temperatura 40
2024-06-13 20:30:31,470 - DEBUG - Simulando con irradiancia 500 y temperatura 45
2024-06-13 20:30:33,387 - DEBUG - Simulando con irradiancia 500 y temperatura 45
2024-06-13 20:30:33,752 - DEBUG - Simulando con irradiancia 500 y temperatura 35
2024-06-13 20:30:33,900 - DEBUG - Simulando con irradiancia 600 y temperatura 20
2024-06-13 20:30:35,781 - DEBUG - Simulando con irradiancia 500 y temperatura 50
2024-06-13 20:30:36,611 - DEBUG - Simulando con irradiancia 500 y temperatura 50
2024-06-13 20:30:37,264 - DEBUG - Simulando con irradiancia 500 y temperatura 40
2024-06-13 20:30:40,402 - DEBUG - Simulando con irradiancia 500 y temperatura 55
2024-06-13 20:30:41,055 - DEBUG - Simulando con irradiancia 600 y temperatura 25
2024-06-13 20:30:42,090 - DEBUG - Simulando con irradiancia 500 y temperatura 55
2024-06-13 20:30:42,090 - DEBUG - Simulando con irradiancia 500 y temperatura 45
2024-06-13 20:30:44,213 - DEBUG - Simulando con irradiancia 600 y temperatura 10
2024-06-13 20:30:46,071 - DEBUG - Simulando con irradiancia 600 y temperatura 30
2024-06-13 20:30:46,071 - DEBUG - Simulando con irradiancia 500 y temperatura 50
2024-06-13 20:30:48,505 - DEBUG - Simulando con irradiancia 600 y temperatura 35
2024-06-13 20:30:48,505 - DEBUG - Simulando con irradiancia 600 y temperatura 15
2024-06-13 20:30:49,660 - DEBUG - Simulando con irradiancia 600 y temperatura 10
2024-06-13 20:30:51,779 - DEBUG - Simulando con irradiancia 600 y temperatura 20
2024-06-13 20:30:52,800 - DEBUG - Simulando con irradiancia 600 y temperatura 40
2024-06-13 20:30:52,801 - DEBUG - Simulando con irradiancia 500 y temperatura 55
2024-06-13 20:30:53,380 - DEBUG - Simulando con irradiancia 600 y temperatura 15
2024-06-13 20:30:54,715 - DEBUG - Simulando con irradiancia 600 y temperatura 45
2024-06-13 20:30:55,617 - DEBUG - Simulando con irradiancia 600 y temperatura 25
2024-06-13 20:30:58,792 - DEBUG - Simulando con irradiancia 600 y temperatura 50
2024-06-13 20:30:59,711 - DEBUG - Simulando con irradiancia 600 y temperatura 20
2024-06-13 20:31:00,314 - DEBUG - Simulando con irradiancia 600 y temperatura 10
2024-06-13 20:31:00,413 - DEBUG - Simulando con irradiancia 600 y temperatura 30
2024-06-13 20:31:03,321 - DEBUG - Simulando con irradiancia 600 y temperatura 55
2024-06-13 20:31:03,321 - DEBUG - Simulando con irradiancia 600 y temperatura 15
2024-06-13 20:31:06,268 - DEBUG - Simulando con irradiancia 600 y temperatura 35
2024-06-13 20:31:06,269 - DEBUG - Simulando con irradiancia 600 y temperatura 25
2024-06-13 20:31:06,625 - DEBUG - Simulando con irradiancia 600 y temperatura 20
2024-06-13 20:31:08,099 - DEBUG - Simulando con irradiancia 700 y temperatura 10
2024-06-13 20:31:09,523 - DEBUG - Simulando con irradiancia 600 y temperatura 30
2024-06-13 20:31:13,181 - DEBUG - Simulando con irradiancia 700 y temperatura 15
2024-06-13 20:31:13,834 - DEBUG - Simulando con irradiancia 600 y temperatura 40
2024-06-13 20:31:14,847 - DEBUG - Simulando con irradiancia 600 y temperatura 25
2024-06-13 20:31:15,084 - DEBUG - Simulando con irradiancia 700 y temperatura 20
2024-06-13 20:31:15,084 - DEBUG - Simulando con irradiancia 600 y temperatura 35
2024-06-13 20:31:18,430 - DEBUG - Simulando con irradiancia 700 y temperatura 25
2024-06-13 20:31:20,314 - DEBUG - Simulando con irradiancia 700 y temperatura 30
2024-06-13 20:31:20,315 - DEBUG - Simulando con irradiancia 600 y temperatura 45
2024-06-13 20:31:20,417 - DEBUG - Simulando con irradiancia 600 y temperatura 40
2024-06-13 20:31:20,614 - DEBUG - Simulando con irradiancia 600 y temperatura 30
2024-06-13 20:31:22,972 - DEBUG - Simulando con irradiancia 600 y temperatura 50
2024-06-13 20:31:23,665 - DEBUG - Simulando con irradiancia 600 y temperatura 45
2024-06-13 20:31:26,835 - DEBUG - Simulando con irradiancia 700 y temperatura 35
2024-06-13 20:31:27,169 - DEBUG - Simulando con irradiancia 600 y temperatura 50
2024-06-13 20:31:27,170 - DEBUG - Simulando con irradiancia 600 y temperatura 55
2024-06-13 20:31:28,315 - DEBUG - Simulando con irradiancia 600 y temperatura 35
2024-06-13 20:31:29,026 - DEBUG - Simulando con irradiancia 700 y temperatura 40
2024-06-13 20:31:31,029 - DEBUG - Simulando con irradiancia 700 y temperatura 45
2024-06-13 20:31:31,851 - DEBUG - Simulando con irradiancia 700 y temperatura 10
2024-06-13 20:31:34,224 - DEBUG - Simulando con irradiancia 700 y temperatura 15
2024-06-13 20:31:35,214 - DEBUG - Simulando con irradiancia 600 y temperatura 55
2024-06-13 20:31:36,232 - DEBUG - Simulando con irradiancia 700 y temperatura 20
2024-06-13 20:31:37,318 - DEBUG - Simulando con irradiancia 600 y temperatura 40
2024-06-13 20:31:37,624 - DEBUG - Simulando con irradiancia 700 y temperatura 10
2024-06-13 20:31:38,106 - DEBUG - Simulando con irradiancia 700 y temperatura 50
2024-06-13 20:31:39,960 - DEBUG - Simulando con irradiancia 700 y temperatura 55
2024-06-13 20:31:40,603 - DEBUG - Simulando con irradiancia 700 y temperatura 25
2024-06-13 20:31:41,773 - DEBUG - Simulando con irradiancia 600 y temperatura 45
2024-06-13 20:31:42,192 - DEBUG - Simulando con irradiancia 700 y temperatura 15
2024-06-13 20:31:46,084 - DEBUG - Simulando con irradiancia 800 y temperatura 10
2024-06-13 20:31:46,614 - DEBUG - Simulando con irradiancia 700 y temperatura 20
2024-06-13 20:31:47,013 - DEBUG - Simulando con irradiancia 700 y temperatura 30
2024-06-13 20:31:47,843 - DEBUG - Simulando con irradiancia 600 y temperatura 50
2024-06-13 20:31:47,970 - DEBUG - Simulando con irradiancia 800 y temperatura 15
2024-06-13 20:31:49,401 - DEBUG - Simulando con irradiancia 700 y temperatura 35
2024-06-13 20:31:50,412 - DEBUG - Simulando con irradiancia 600 y temperatura 55
2024-06-13 20:31:51,960 - DEBUG - Simulando con irradiancia 800 y temperatura 20
2024-06-13 20:31:53,246 - DEBUG - Simulando con irradiancia 700 y temperatura 40
2024-06-13 20:31:53,490 - DEBUG - Simulando con irradiancia 700 y temperatura 25
2024-06-13 20:31:54,571 - DEBUG - Simulando con irradiancia 700 y temperatura 10
2024-06-13 20:31:56,803 - DEBUG - Simulando con irradiancia 700 y temperatura 30
2024-06-13 20:31:57,445 - DEBUG - Simulando con irradiancia 800 y temperatura 25
2024-06-13 20:31:59,053 - DEBUG - Simulando con irradiancia 700 y temperatura 15
2024-06-13 20:31:59,969 - DEBUG - Simulando con irradiancia 700 y temperatura 45
2024-06-13 20:32:00,333 - DEBUG - Simulando con irradiancia 700 y temperatura 35
2024-06-13 20:32:02,303 - DEBUG - Simulando con irradiancia 800 y temperatura 30
2024-06-13 20:32:03,695 - DEBUG - Simulando con irradiancia 700 y temperatura 20
2024-06-13 20:32:06,117 - DEBUG - Simulando con irradiancia 800 y temperatura 35
2024-06-13 20:32:06,805 - DEBUG - Simulando con irradiancia 700 y temperatura 50
2024-06-13 20:32:07,590 - DEBUG - Simulando con irradiancia 700 y temperatura 40
2024-06-13 20:32:09,025 - DEBUG - Simulando con irradiancia 700 y temperatura 25
2024-06-13 20:32:09,321 - DEBUG - Simulando con irradiancia 800 y temperatura 40
2024-06-13 20:32:09,360 - DEBUG - Simulando con irradiancia 700 y temperatura 55
2024-06-13 20:32:11,317 - DEBUG - Simulando con irradiancia 700 y temperatura 45
2024-06-13 20:32:11,715 - DEBUG - Simulando con irradiancia 700 y temperatura 30
2024-06-13 20:32:12,947 - DEBUG - Simulando con irradiancia 800 y temperatura 10
2024-06-13 20:32:13,984 - DEBUG - Simulando con irradiancia 700 y temperatura 50
2024-06-13 20:32:16,806 - DEBUG - Simulando con irradiancia 800 y temperatura 15
2024-06-13 20:32:16,807 - DEBUG - Simulando con irradiancia 700 y temperatura 35
2024-06-13 20:32:18,167 - DEBUG - Simulando con irradiancia 800 y temperatura 45
2024-06-13 20:32:19,779 - DEBUG - Simulando con irradiancia 800 y temperatura 20
2024-06-13 20:32:20,186 - DEBUG - Simulando con irradiancia 700 y temperatura 55
2024-06-13 20:32:22,119 - DEBUG - Simulando con irradiancia 800 y temperatura 50
2024-06-13 20:32:23,228 - DEBUG - Simulando con irradiancia 800 y temperatura 10
2024-06-13 20:32:23,997 - DEBUG - Simulando con irradiancia 800 y temperatura 55
2024-06-13 20:32:24,209 - DEBUG - Simulando con irradiancia 700 y temperatura 40
2024-06-13 20:32:25,616 - DEBUG - Simulando con irradiancia 800 y temperatura 25
2024-06-13 20:32:27,337 - DEBUG - Simulando con irradiancia 800 y temperatura 15
2024-06-13 20:32:28,536 - DEBUG - Simulando con irradiancia 700 y temperatura 45
2024-06-13 20:32:30,707 - DEBUG - Simulando con irradiancia 900 y temperatura 10
2024-06-13 20:32:31,788 - DEBUG - Simulando con irradiancia 800 y temperatura 30
2024-06-13 20:32:31,924 - DEBUG - Simulando con irradiancia 800 y temperatura 20
2024-06-13 20:32:32,188 - DEBUG - Simulando con irradiancia 700 y temperatura 50
2024-06-13 20:32:35,341 - DEBUG - Simulando con irradiancia 900 y temperatura 15
2024-06-13 20:32:35,871 - DEBUG - Simulando con irradiancia 800 y temperatura 35
2024-06-13 20:32:36,130 - DEBUG - Simulando con irradiancia 800 y temperatura 25
2024-06-13 20:32:38,037 - DEBUG - Simulando con irradiancia 700 y temperatura 55
2024-06-13 20:32:40,034 - DEBUG - Simulando con irradiancia 800 y temperatura 30
2024-06-13 20:32:40,459 - DEBUG - Simulando con irradiancia 900 y temperatura 20
2024-06-13 20:32:40,785 - DEBUG - Simulando con irradiancia 800 y temperatura 40
2024-06-13 20:32:40,891 - DEBUG - Simulando con irradiancia 800 y temperatura 10
2024-06-13 20:32:41,988 - DEBUG - Simulando con irradiancia 800 y temperatura 45
2024-06-13 20:32:43,266 - DEBUG - Simulando con irradiancia 800 y temperatura 35
2024-06-13 20:32:46,056 - DEBUG - Simulando con irradiancia 900 y temperatura 25
2024-06-13 20:32:46,619 - DEBUG - Simulando con irradiancia 800 y temperatura 15
2024-06-13 20:32:47,266 - DEBUG - Simulando con irradiancia 800 y temperatura 50
2024-06-13 20:32:48,092 - DEBUG - Simulando con irradiancia 900 y temperatura 30
2024-06-13 20:32:49,465 - DEBUG - Simulando con irradiancia 800 y temperatura 40
2024-06-13 20:32:51,357 - DEBUG - Simulando con irradiancia 800 y temperatura 20
2024-06-13 20:32:52,185 - DEBUG - Simulando con irradiancia 800 y temperatura 55
2024-06-13 20:32:52,725 - DEBUG - Simulando con irradiancia 900 y temperatura 35
2024-06-13 20:32:54,057 - DEBUG - Simulando con irradiancia 800 y temperatura 45
2024-06-13 20:32:56,333 - DEBUG - Simulando con irradiancia 800 y temperatura 50
2024-06-13 20:32:56,593 - DEBUG - Simulando con irradiancia 800 y temperatura 25
2024-06-13 20:32:58,095 - DEBUG - Simulando con irradiancia 900 y temperatura 10
2024-06-13 20:32:59,726 - DEBUG - Simulando con irradiancia 900 y temperatura 40
2024-06-13 20:32:59,937 - DEBUG - Simulando con irradiancia 900 y temperatura 15
2024-06-13 20:33:01,088 - DEBUG - Simulando con irradiancia 800 y temperatura 30
2024-06-13 20:33:01,880 - DEBUG - Simulando con irradiancia 800 y temperatura 55
2024-06-13 20:33:04,917 - DEBUG - Simulando con irradiancia 800 y temperatura 35
2024-06-13 20:33:05,610 - DEBUG - Simulando con irradiancia 900 y temperatura 20
2024-06-13 20:33:06,909 - DEBUG - Simulando con irradiancia 900 y temperatura 10
2024-06-13 20:33:07,159 - DEBUG - Simulando con irradiancia 900 y temperatura 45
2024-06-13 20:33:07,527 - DEBUG - Simulando con irradiancia 900 y temperatura 25
2024-06-13 20:33:10,186 - DEBUG - Simulando con irradiancia 900 y temperatura 15
2024-06-13 20:33:10,766 - DEBUG - Simulando con irradiancia 900 y temperatura 30
2024-06-13 20:33:11,143 - DEBUG - Simulando con irradiancia 800 y temperatura 40
2024-06-13 20:33:14,526 - DEBUG - Simulando con irradiancia 900 y temperatura 50
2024-06-13 20:33:14,900 - DEBUG - Simulando con irradiancia 900 y temperatura 20
2024-06-13 20:33:15,745 - DEBUG - Simulando con irradiancia 800 y temperatura 45
2024-06-13 20:33:15,939 - DEBUG - Simulando con irradiancia 900 y temperatura 35
2024-06-13 20:33:16,672 - DEBUG - Simulando con irradiancia 900 y temperatura 55
2024-06-13 20:33:20,498 - DEBUG - Simulando con irradiancia 900 y temperatura 40
2024-06-13 20:33:20,499 - DEBUG - Simulando con irradiancia 900 y temperatura 25
2024-06-13 20:33:20,499 - DEBUG - Simulando con irradiancia 800 y temperatura 50
2024-06-13 20:33:20,956 - DEBUG - Simulando con irradiancia 1000 y temperatura 10
2024-06-13 20:33:23,070 - DEBUG - Simulando con irradiancia 900 y temperatura 45
2024-06-13 20:33:23,652 - DEBUG - Simulando con irradiancia 900 y temperatura 30
2024-06-13 20:33:25,655 - DEBUG - Simulando con irradiancia 1000 y temperatura 15
2024-06-13 20:33:26,960 - DEBUG - Simulando con irradiancia 800 y temperatura 55
2024-06-13 20:33:28,406 - DEBUG - Simulando con irradiancia 1000 y temperatura 20
2024-06-13 20:33:28,720 - DEBUG - Simulando con irradiancia 900 y temperatura 35
2024-06-13 20:33:28,916 - DEBUG - Simulando con irradiancia 900 y temperatura 50
2024-06-13 20:33:31,283 - DEBUG - Simulando con irradiancia 900 y temperatura 55
2024-06-13 20:33:32,460 - DEBUG - Simulando con irradiancia 900 y temperatura 40
2024-06-13 20:33:32,493 - DEBUG - Simulando con irradiancia 900 y temperatura 10
2024-06-13 20:33:33,610 - DEBUG - Simulando con irradiancia 1000 y temperatura 25
2024-06-13 20:33:34,674 - DEBUG - Simulando con irradiancia 900 y temperatura 45
2024-06-13 20:33:36,686 - DEBUG - Simulando con irradiancia 1000 y temperatura 10
2024-06-13 20:33:38,232 - DEBUG - Simulando con irradiancia 1000 y temperatura 30
2024-06-13 20:33:38,245 - DEBUG - Simulando con irradiancia 900 y temperatura 50
2024-06-13 20:33:38,282 - DEBUG - Simulando con irradiancia 900 y temperatura 15
2024-06-13 20:33:39,298 - DEBUG - Simulando con irradiancia 1000 y temperatura 15
2024-06-13 20:33:40,916 - DEBUG - Simulando con irradiancia 1000 y temperatura 35
2024-06-13 20:33:41,822 - DEBUG - Simulando con irradiancia 900 y temperatura 55
2024-06-13 20:33:42,928 - DEBUG - Simulando con irradiancia 900 y temperatura 20
2024-06-13 20:33:43,689 - DEBUG - Simulando con irradiancia 1000 y temperatura 20
2024-06-13 20:33:45,722 - DEBUG - Simulando con irradiancia 1000 y temperatura 40
2024-06-13 20:33:45,772 - DEBUG - Simulando con irradiancia 1000 y temperatura 10
2024-06-13 20:33:47,244 - DEBUG - Simulando con irradiancia 1000 y temperatura 25
2024-06-13 20:33:48,716 - DEBUG - Simulando con irradiancia 1000 y temperatura 45
2024-06-13 20:33:48,957 - DEBUG - Simulando con irradiancia 900 y temperatura 25
2024-06-13 20:33:50,816 - DEBUG - Simulando con irradiancia 1000 y temperatura 30
2024-06-13 20:33:51,155 - DEBUG - Simulando con irradiancia 1000 y temperatura 15
2024-06-13 20:33:52,218 - DEBUG - Simulando con irradiancia 1000 y temperatura 50
2024-06-13 20:33:55,172 - DEBUG - Simulando con irradiancia 1000 y temperatura 20
2024-06-13 20:33:55,173 - DEBUG - Simulando con irradiancia 900 y temperatura 30
2024-06-13 20:33:56,103 - DEBUG - Simulando con irradiancia 1000 y temperatura 35
2024-06-13 20:33:56,579 - DEBUG - Simulando con irradiancia 1000 y temperatura 55
2024-06-13 20:33:57,901 - DEBUG - Simulando con irradiancia 900 y temperatura 35
2024-06-13 20:33:58,982 - DEBUG - Simulando con irradiancia 1000 y temperatura 25
2024-06-13 20:34:00,027 - DEBUG - Simulando con irradiancia 1000 y temperatura 40
2024-06-13 20:34:01,134 - INFO - Procesando panel: panel_HansolTechnicsCo__LtdHS240SB_A06
2024-06-13 20:34:02,086 - DEBUG - Simulando con irradiancia 100 y temperatura 10
2024-06-13 20:34:03,486 - DEBUG - Simulando con irradiancia 900 y temperatura 40
2024-06-13 20:34:04,428 - DEBUG - Simulando con irradiancia 1000 y temperatura 30
2024-06-13 20:34:04,723 - DEBUG - Simulando con irradiancia 1000 y temperatura 45
2024-06-13 20:34:07,355 - DEBUG - Simulando con irradiancia 1000 y temperatura 35
2024-06-13 20:34:07,834 - DEBUG - Simulando con irradiancia 100 y temperatura 15
2024-06-13 20:34:08,041 - DEBUG - Simulando con irradiancia 900 y temperatura 45
2024-06-13 20:34:09,641 - DEBUG - Simulando con irradiancia 1000 y temperatura 40
2024-06-13 20:34:10,153 - DEBUG - Simulando con irradiancia 1000 y temperatura 50
2024-06-13 20:34:11,917 - DEBUG - Simulando con irradiancia 100 y temperatura 20
2024-06-13 20:34:12,381 - DEBUG - Simulando con irradiancia 900 y temperatura 50
2024-06-13 20:34:12,651 - DEBUG - Simulando con irradiancia 1000 y temperatura 45
2024-06-13 20:34:14,755 - DEBUG - Simulando con irradiancia 900 y temperatura 55
2024-06-13 20:34:14,895 - DEBUG - Simulando con irradiancia 1000 y temperatura 55
2024-06-13 20:34:16,188 - DEBUG - Simulando con irradiancia 100 y temperatura 25
2024-06-13 20:34:17,228 - DEBUG - Simulando con irradiancia 1000 y temperatura 10
2024-06-13 20:34:19,790 - DEBUG - Simulando con irradiancia 1000 y temperatura 50
2024-06-13 20:34:20,494 - DEBUG - Simulando con irradiancia 100 y temperatura 30
2024-06-13 20:34:22,265 - DEBUG - Simulando con irradiancia 1000 y temperatura 15
2024-06-13 20:34:22,968 - DEBUG - Simulando con irradiancia 100 y temperatura 35
2024-06-13 20:34:24,063 - DEBUG - Simulando con irradiancia 1000 y temperatura 20
2024-06-13 20:34:24,519 - DEBUG - Simulando con irradiancia 1000 y temperatura 55
2024-06-13 20:34:27,736 - DEBUG - Simulando con irradiancia 100 y temperatura 40
2024-06-13 20:34:27,737 - DEBUG - Simulando con irradiancia 1000 y temperatura 25
2024-06-13 20:34:29,780 - DEBUG - Simulando con irradiancia 1000 y temperatura 30
2024-06-13 20:34:30,423 - DEBUG - Simulando con irradiancia 100 y temperatura 45
2024-06-13 20:34:31,108 - DEBUG - Simulando con irradiancia 1000 y temperatura 35
2024-06-13 20:34:33,086 - DEBUG - Simulando con irradiancia 100 y temperatura 50
2024-06-13 20:34:33,126 - DEBUG - Simulando con irradiancia 1000 y temperatura 40
2024-06-13 20:34:34,244 - DEBUG - Simulando con irradiancia 100 y temperatura 55
2024-06-13 20:34:35,707 - DEBUG - Simulando con irradiancia 200 y temperatura 10
2024-06-13 20:34:37,193 - DEBUG - Simulando con irradiancia 1000 y temperatura 45
2024-06-13 20:34:37,663 - DEBUG - Simulando con irradiancia 200 y temperatura 15
2024-06-13 20:34:39,138 - DEBUG - Simulando con irradiancia 1000 y temperatura 50
2024-06-13 20:34:40,407 - DEBUG - Simulando con irradiancia 200 y temperatura 20
2024-06-13 20:34:40,858 - DEBUG - Simulando con irradiancia 1000 y temperatura 55
2024-06-13 20:34:42,334 - DEBUG - Simulando con irradiancia 200 y temperatura 25
2024-06-13 20:34:44,165 - DEBUG - Simulando con irradiancia 200 y temperatura 30
2024-06-13 20:34:45,314 - DEBUG - Simulando con irradiancia 200 y temperatura 35
2024-06-13 20:34:46,455 - DEBUG - Simulando con irradiancia 200 y temperatura 40
2024-06-13 20:34:47,583 - DEBUG - Simulando con irradiancia 200 y temperatura 45
2024-06-13 20:34:48,697 - DEBUG - Simulando con irradiancia 200 y temperatura 50
2024-06-13 20:34:49,805 - DEBUG - Simulando con irradiancia 200 y temperatura 55
2024-06-13 20:34:50,901 - DEBUG - Simulando con irradiancia 300 y temperatura 10
2024-06-13 20:34:52,117 - DEBUG - Simulando con irradiancia 300 y temperatura 15
2024-06-13 20:34:53,330 - DEBUG - Simulando con irradiancia 300 y temperatura 20
2024-06-13 20:34:54,511 - DEBUG - Simulando con irradiancia 300 y temperatura 25
2024-06-13 20:34:55,728 - DEBUG - Simulando con irradiancia 300 y temperatura 30
2024-06-13 20:34:56,903 - DEBUG - Simulando con irradiancia 300 y temperatura 35
2024-06-13 20:34:58,102 - DEBUG - Simulando con irradiancia 300 y temperatura 40
2024-06-13 20:34:59,228 - DEBUG - Simulando con irradiancia 300 y temperatura 45
2024-06-13 20:35:00,333 - DEBUG - Simulando con irradiancia 300 y temperatura 50
2024-06-13 20:35:01,436 - DEBUG - Simulando con irradiancia 300 y temperatura 55
2024-06-13 20:35:02,582 - DEBUG - Simulando con irradiancia 400 y temperatura 10
2024-06-13 20:35:03,817 - DEBUG - Simulando con irradiancia 400 y temperatura 15
2024-06-13 20:35:05,037 - DEBUG - Simulando con irradiancia 400 y temperatura 20
2024-06-13 20:35:06,233 - DEBUG - Simulando con irradiancia 400 y temperatura 25
2024-06-13 20:35:07,418 - DEBUG - Simulando con irradiancia 400 y temperatura 30
2024-06-13 20:35:08,592 - DEBUG - Simulando con irradiancia 400 y temperatura 35
2024-06-13 20:35:09,751 - DEBUG - Simulando con irradiancia 400 y temperatura 40
2024-06-13 20:35:10,895 - DEBUG - Simulando con irradiancia 400 y temperatura 45
2024-06-13 20:35:12,033 - DEBUG - Simulando con irradiancia 400 y temperatura 50
2024-06-13 20:35:13,160 - DEBUG - Simulando con irradiancia 400 y temperatura 55
2024-06-13 20:35:14,278 - DEBUG - Simulando con irradiancia 500 y temperatura 10
2024-06-13 20:35:15,511 - DEBUG - Simulando con irradiancia 500 y temperatura 15
2024-06-13 20:35:16,723 - DEBUG - Simulando con irradiancia 500 y temperatura 20
2024-06-13 20:35:17,916 - DEBUG - Simulando con irradiancia 500 y temperatura 25
2024-06-13 20:35:19,105 - DEBUG - Simulando con irradiancia 500 y temperatura 30
2024-06-13 20:35:20,267 - DEBUG - Simulando con irradiancia 500 y temperatura 35
2024-06-13 20:35:21,421 - DEBUG - Simulando con irradiancia 500 y temperatura 40
2024-06-13 20:35:22,558 - DEBUG - Simulando con irradiancia 500 y temperatura 45
2024-06-13 20:35:23,665 - DEBUG - Simulando con irradiancia 500 y temperatura 50
2024-06-13 20:35:24,770 - DEBUG - Simulando con irradiancia 500 y temperatura 55
2024-06-13 20:35:25,868 - DEBUG - Simulando con irradiancia 600 y temperatura 10
2024-06-13 20:35:27,049 - DEBUG - Simulando con irradiancia 600 y temperatura 15
2024-06-13 20:35:28,218 - DEBUG - Simulando con irradiancia 600 y temperatura 20
2024-06-13 20:35:29,388 - DEBUG - Simulando con irradiancia 600 y temperatura 25
2024-06-13 20:35:30,527 - DEBUG - Simulando con irradiancia 600 y temperatura 30
2024-06-13 20:35:31,655 - DEBUG - Simulando con irradiancia 600 y temperatura 35
2024-06-13 20:35:32,775 - DEBUG - Simulando con irradiancia 600 y temperatura 40
2024-06-13 20:35:33,868 - DEBUG - Simulando con irradiancia 600 y temperatura 45
2024-06-13 20:35:34,954 - DEBUG - Simulando con irradiancia 600 y temperatura 50
2024-06-13 20:35:36,029 - DEBUG - Simulando con irradiancia 600 y temperatura 55
2024-06-13 20:35:37,096 - DEBUG - Simulando con irradiancia 700 y temperatura 10
2024-06-13 20:35:38,269 - DEBUG - Simulando con irradiancia 700 y temperatura 15
2024-06-13 20:35:39,423 - DEBUG - Simulando con irradiancia 700 y temperatura 20
2024-06-13 20:35:40,559 - DEBUG - Simulando con irradiancia 700 y temperatura 25
2024-06-13 20:35:41,685 - DEBUG - Simulando con irradiancia 700 y temperatura 30
2024-06-13 20:35:42,792 - DEBUG - Simulando con irradiancia 700 y temperatura 35
2024-06-13 20:35:43,888 - DEBUG - Simulando con irradiancia 700 y temperatura 40
2024-06-13 20:35:44,977 - DEBUG - Simulando con irradiancia 700 y temperatura 45
2024-06-13 20:35:46,053 - DEBUG - Simulando con irradiancia 700 y temperatura 50
2024-06-13 20:35:47,118 - DEBUG - Simulando con irradiancia 700 y temperatura 55
2024-06-13 20:35:48,179 - DEBUG - Simulando con irradiancia 800 y temperatura 10
2024-06-13 20:35:49,334 - DEBUG - Simulando con irradiancia 800 y temperatura 15
2024-06-13 20:35:50,479 - DEBUG - Simulando con irradiancia 800 y temperatura 20
2024-06-13 20:35:51,606 - DEBUG - Simulando con irradiancia 800 y temperatura 25
2024-06-13 20:35:52,717 - DEBUG - Simulando con irradiancia 800 y temperatura 30
2024-06-13 20:35:53,811 - DEBUG - Simulando con irradiancia 800 y temperatura 35
2024-06-13 20:35:54,898 - DEBUG - Simulando con irradiancia 800 y temperatura 40
2024-06-13 20:35:55,976 - DEBUG - Simulando con irradiancia 800 y temperatura 45
2024-06-13 20:35:57,040 - DEBUG - Simulando con irradiancia 800 y temperatura 50
2024-06-13 20:35:58,095 - DEBUG - Simulando con irradiancia 800 y temperatura 55
2024-06-13 20:35:59,145 - DEBUG - Simulando con irradiancia 900 y temperatura 10
2024-06-13 20:36:00,284 - DEBUG - Simulando con irradiancia 900 y temperatura 15
2024-06-13 20:36:01,409 - DEBUG - Simulando con irradiancia 900 y temperatura 20
2024-06-13 20:36:02,546 - DEBUG - Simulando con irradiancia 900 y temperatura 25
2024-06-13 20:36:03,648 - DEBUG - Simulando con irradiancia 900 y temperatura 30
2024-06-13 20:36:04,728 - DEBUG - Simulando con irradiancia 900 y temperatura 35
2024-06-13 20:36:05,793 - DEBUG - Simulando con irradiancia 900 y temperatura 40
2024-06-13 20:36:06,845 - DEBUG - Simulando con irradiancia 900 y temperatura 45
2024-06-13 20:36:07,889 - DEBUG - Simulando con irradiancia 900 y temperatura 50
2024-06-13 20:36:08,922 - DEBUG - Simulando con irradiancia 900 y temperatura 55
2024-06-13 20:36:09,950 - DEBUG - Simulando con irradiancia 1000 y temperatura 10
2024-06-13 20:36:11,073 - DEBUG - Simulando con irradiancia 1000 y temperatura 15
2024-06-13 20:36:12,160 - DEBUG - Simulando con irradiancia 1000 y temperatura 20
2024-06-13 20:36:13,229 - DEBUG - Simulando con irradiancia 1000 y temperatura 25
2024-06-13 20:36:14,283 - DEBUG - Simulando con irradiancia 1000 y temperatura 30
2024-06-13 20:36:15,314 - DEBUG - Simulando con irradiancia 1000 y temperatura 35
2024-06-13 20:36:16,332 - DEBUG - Simulando con irradiancia 1000 y temperatura 40
2024-06-13 20:36:17,331 - DEBUG - Simulando con irradiancia 1000 y temperatura 45
2024-06-13 20:36:18,319 - DEBUG - Simulando con irradiancia 1000 y temperatura 50
2024-06-13 20:36:19,295 - DEBUG - Simulando con irradiancia 1000 y temperatura 55
2024-06-13 20:36:20,291 - INFO - Datos de simulación almacenados en panel_simulation_data_2.csv
